{"/Users/lay/docker/web/gitlab/enhance-weapp/src/Eapp.ts": {"path":"/Users/lay/docker/web/gitlab/enhance-weapp/src/Eapp.ts","statementMap":{"0":{"start":{"line":2,"column":0},"end":{"line":2,"column":48}},"1":{"start":{"line":4,"column":13},"end":{"line":7,"column":null}},"2":{"start":{"line":5,"column":2},"end":{"line":5,"column":null}},"3":{"start":{"line":6,"column":2},"end":{"line":6,"column":null}}},"fnMap":{"0":{"name":"(anonymous_0)","decl":{"start":{"line":4,"column":28},"end":{"line":4,"column":35}},"loc":{"start":{"line":4,"column":35},"end":{"line":7,"column":1}}}},"branchMap":{},"s":{"0":1,"1":1,"2":5,"3":5},"f":{"0":5},"b":{}}
,"/Users/lay/docker/web/gitlab/enhance-weapp/src/Ecomponent.ts": {"path":"/Users/lay/docker/web/gitlab/enhance-weapp/src/Ecomponent.ts","statementMap":{"0":{"start":{"line":2,"column":0},"end":{"line":2,"column":48}},"1":{"start":{"line":4,"column":13},"end":{"line":7,"column":null}},"2":{"start":{"line":5,"column":2},"end":{"line":5,"column":null}},"3":{"start":{"line":6,"column":2},"end":{"line":6,"column":null}}},"fnMap":{"0":{"name":"(anonymous_0)","decl":{"start":{"line":4,"column":40},"end":{"line":4,"column":47}},"loc":{"start":{"line":4,"column":47},"end":{"line":7,"column":1}}}},"branchMap":{},"s":{"0":1,"1":1,"2":8,"3":8},"f":{"0":8},"b":{}}
,"/Users/lay/docker/web/gitlab/enhance-weapp/src/Epage.ts": {"path":"/Users/lay/docker/web/gitlab/enhance-weapp/src/Epage.ts","statementMap":{"0":{"start":{"line":2,"column":0},"end":{"line":2,"column":48}},"1":{"start":{"line":4,"column":13},"end":{"line":7,"column":null}},"2":{"start":{"line":5,"column":2},"end":{"line":5,"column":null}},"3":{"start":{"line":6,"column":2},"end":{"line":6,"column":null}}},"fnMap":{"0":{"name":"(anonymous_0)","decl":{"start":{"line":4,"column":30},"end":{"line":4,"column":37}},"loc":{"start":{"line":4,"column":37},"end":{"line":7,"column":1}}}},"branchMap":{},"s":{"0":2,"1":2,"2":19,"3":19},"f":{"0":19},"b":{}}
,"/Users/lay/docker/web/gitlab/enhance-weapp/src/diffData.ts": {"path":"/Users/lay/docker/web/gitlab/enhance-weapp/src/diffData.ts","statementMap":{"0":{"start":{"line":2,"column":0},"end":{"line":2,"column":75}},"1":{"start":{"line":24,"column":41},"end":{"line":24,"column":45}},"2":{"start":{"line":27,"column":31},"end":{"line":27,"column":33}},"3":{"start":{"line":29,"column":24},"end":{"line":33,"column":3}},"4":{"start":{"line":30,"column":4},"end":{"line":30,"column":null}},"5":{"start":{"line":32,"column":4},"end":{"line":32,"column":null}},"6":{"start":{"line":37,"column":2},"end":{"line":37,"column":null}},"7":{"start":{"line":39,"column":22},"end":{"line":39,"column":46}},"8":{"start":{"line":41,"column":22},"end":{"line":41,"column":46}},"9":{"start":{"line":42,"column":2},"end":{"line":52,"column":null}},"10":{"start":{"line":44,"column":21},"end":{"line":44,"column":58}},"11":{"start":{"line":44,"column":48},"end":{"line":44,"column":58}},"12":{"start":{"line":46,"column":4},"end":{"line":46,"column":null}},"13":{"start":{"line":48,"column":4},"end":{"line":51,"column":null}},"14":{"start":{"line":50,"column":6},"end":{"line":50,"column":null}},"15":{"start":{"line":54,"column":2},"end":{"line":59,"column":null}},"16":{"start":{"line":55,"column":4},"end":{"line":58,"column":null}},"17":{"start":{"line":57,"column":6},"end":{"line":57,"column":null}},"18":{"start":{"line":64,"column":42},"end":{"line":64,"column":60}},"19":{"start":{"line":64,"column":18},"end":{"line":64,"column":20}},"20":{"start":{"line":64,"column":29},"end":{"line":64,"column":31}},"21":{"start":{"line":64,"column":38},"end":{"line":64,"column":42}},"22":{"start":{"line":67,"column":20},"end":{"line":67,"column":41}},"23":{"start":{"line":70,"column":4},"end":{"line":72,"column":null}},"24":{"start":{"line":75,"column":20},"end":{"line":75,"column":36}},"25":{"start":{"line":77,"column":20},"end":{"line":77,"column":36}},"26":{"start":{"line":80,"column":4},"end":{"line":83,"column":null}},"27":{"start":{"line":81,"column":6},"end":{"line":81,"column":null}},"28":{"start":{"line":86,"column":4},"end":{"line":90,"column":null}},"29":{"start":{"line":88,"column":6},"end":{"line":88,"column":null}},"30":{"start":{"line":93,"column":4},"end":{"line":105,"column":null}},"31":{"start":{"line":96,"column":6},"end":{"line":99,"column":null}},"32":{"start":{"line":97,"column":8},"end":{"line":97,"column":null}},"33":{"start":{"line":101,"column":6},"end":{"line":103,"column":null}},"34":{"start":{"line":101,"column":19},"end":{"line":101,"column":20}},"35":{"start":{"line":101,"column":26},"end":{"line":101,"column":40}},"36":{"start":{"line":102,"column":8},"end":{"line":102,"column":null}},"37":{"start":{"line":109,"column":20},"end":{"line":109,"column":40}},"38":{"start":{"line":111,"column":20},"end":{"line":111,"column":40}},"39":{"start":{"line":113,"column":4},"end":{"line":116,"column":null}},"40":{"start":{"line":114,"column":6},"end":{"line":114,"column":null}},"41":{"start":{"line":123,"column":33},"end":{"line":123,"column":35}},"42":{"start":{"line":126,"column":18},"end":{"line":126,"column":28}},"43":{"start":{"line":128,"column":23},"end":{"line":128,"column":56}},"44":{"start":{"line":128,"column":46},"end":{"line":128,"column":56}},"45":{"start":{"line":134,"column":6},"end":{"line":138,"column":null}},"46":{"start":{"line":135,"column":8},"end":{"line":135,"column":null}},"47":{"start":{"line":140,"column":6},"end":{"line":140,"column":null}},"48":{"start":{"line":141,"column":6},"end":{"line":141,"column":null}},"49":{"start":{"line":124,"column":4},"end":{"line":142,"column":null}},"50":{"start":{"line":124,"column":17},"end":{"line":124,"column":18}},"51":{"start":{"line":124,"column":24},"end":{"line":124,"column":38}},"52":{"start":{"line":124,"column":13},"end":{"line":124,"column":24}},"53":{"start":{"line":144,"column":4},"end":{"line":148,"column":null}},"54":{"start":{"line":145,"column":6},"end":{"line":147,"column":null}},"55":{"start":{"line":146,"column":8},"end":{"line":146,"column":null}},"56":{"start":{"line":149,"column":4},"end":{"line":152,"column":null}},"57":{"start":{"line":151,"column":6},"end":{"line":151,"column":34}},"58":{"start":{"line":63,"column":2},"end":{"line":153,"column":null}},"59":{"start":{"line":63,"column":17},"end":{"line":153,"column":null}},"60":{"start":{"line":154,"column":2},"end":{"line":154,"column":null}},"61":{"start":{"line":19,"column":0},"end":{"line":19,"column":16}}},"fnMap":{"0":{"name":"diffData","decl":{"start":{"line":19,"column":16},"end":{"line":19,"column":24}},"loc":{"start":{"line":21,"column":26},"end":{"line":155,"column":1}}},"1":{"name":"(anonymous_1)","decl":{"start":{"line":29,"column":24},"end":{"line":29,"column":25}},"loc":{"start":{"line":29,"column":46},"end":{"line":33,"column":3}}},"2":{"name":"(anonymous_2)","decl":{"start":{"line":42,"column":22},"end":{"line":42,"column":25}},"loc":{"start":{"line":42,"column":25},"end":{"line":52,"column":3}}},"3":{"name":"(anonymous_3)","decl":{"start":{"line":44,"column":43},"end":{"line":44,"column":44}},"loc":{"start":{"line":44,"column":44},"end":{"line":44,"column":49}}},"4":{"name":"(anonymous_4)","decl":{"start":{"line":55,"column":24},"end":{"line":55,"column":27}},"loc":{"start":{"line":55,"column":27},"end":{"line":58,"column":5}}},"5":{"name":"(anonymous_7)","decl":{"start":{"line":128,"column":41},"end":{"line":128,"column":42}},"loc":{"start":{"line":128,"column":42},"end":{"line":128,"column":47}}},"6":{"name":"(anonymous_8)","decl":{"start":{"line":145,"column":22},"end":{"line":145,"column":25}},"loc":{"start":{"line":145,"column":25},"end":{"line":147,"column":7}}}},"branchMap":{"0":{"loc":{"start":{"line":30,"column":4},"end":{"line":30,"column":17}},"type":"binary-expr","locations":[{"start":{"line":30,"column":4},"end":{"line":30,"column":17}},{"start":{"line":30,"column":22},"end":{"line":30,"column":39}}]},"1":{"loc":{"start":{"line":32,"column":43},"end":{"line":32,"column":46}},"type":"cond-expr","locations":[{"start":{"line":32,"column":43},"end":{"line":32,"column":46}},{"start":{"line":32,"column":49},"end":{"line":32,"column":70}}]},"2":{"loc":{"start":{"line":46,"column":4},"end":{"line":46,"column":17}},"type":"binary-expr","locations":[{"start":{"line":46,"column":4},"end":{"line":46,"column":17}},{"start":{"line":46,"column":21},"end":{"line":46,"column":52}}]},"3":{"loc":{"start":{"line":48,"column":4},"end":{"line":51,"column":null}},"type":"if","locations":[{"start":{"line":48,"column":4},"end":{"line":51,"column":null}},{"start":{"line":48,"column":4},"end":{"line":51,"column":null}}]},"4":{"loc":{"start":{"line":54,"column":2},"end":{"line":59,"column":null}},"type":"if","locations":[{"start":{"line":54,"column":2},"end":{"line":59,"column":null}},{"start":{"line":54,"column":2},"end":{"line":59,"column":null}}]},"5":{"loc":{"start":{"line":70,"column":4},"end":{"line":72,"column":null}},"type":"if","locations":[{"start":{"line":70,"column":4},"end":{"line":72,"column":null}},{"start":{"line":70,"column":4},"end":{"line":72,"column":null}}]},"6":{"loc":{"start":{"line":80,"column":4},"end":{"line":83,"column":null}},"type":"if","locations":[{"start":{"line":80,"column":4},"end":{"line":83,"column":null}},{"start":{"line":80,"column":4},"end":{"line":83,"column":null}}]},"7":{"loc":{"start":{"line":86,"column":4},"end":{"line":90,"column":null}},"type":"if","locations":[{"start":{"line":86,"column":4},"end":{"line":90,"column":null}},{"start":{"line":86,"column":4},"end":{"line":90,"column":null}}]},"8":{"loc":{"start":{"line":86,"column":8},"end":{"line":86,"column":28}},"type":"binary-expr","locations":[{"start":{"line":86,"column":8},"end":{"line":86,"column":28}},{"start":{"line":86,"column":32},"end":{"line":86,"column":51}}]},"9":{"loc":{"start":{"line":93,"column":4},"end":{"line":105,"column":null}},"type":"if","locations":[{"start":{"line":93,"column":4},"end":{"line":105,"column":null}},{"start":{"line":93,"column":4},"end":{"line":105,"column":null}}]},"10":{"loc":{"start":{"line":96,"column":6},"end":{"line":99,"column":null}},"type":"if","locations":[{"start":{"line":96,"column":6},"end":{"line":99,"column":null}},{"start":{"line":96,"column":6},"end":{"line":99,"column":null}}]},"11":{"loc":{"start":{"line":113,"column":4},"end":{"line":116,"column":null}},"type":"if","locations":[{"start":{"line":113,"column":4},"end":{"line":116,"column":null}},{"start":{"line":113,"column":4},"end":{"line":116,"column":null}}]},"12":{"loc":{"start":{"line":134,"column":6},"end":{"line":138,"column":null}},"type":"if","locations":[{"start":{"line":134,"column":6},"end":{"line":138,"column":null}},{"start":{"line":134,"column":6},"end":{"line":138,"column":null}}]},"13":{"loc":{"start":{"line":144,"column":4},"end":{"line":148,"column":null}},"type":"if","locations":[{"start":{"line":144,"column":4},"end":{"line":148,"column":null}},{"start":{"line":144,"column":4},"end":{"line":148,"column":null}}]},"14":{"loc":{"start":{"line":149,"column":4},"end":{"line":152,"column":null}},"type":"if","locations":[{"start":{"line":149,"column":4},"end":{"line":152,"column":null}},{"start":{"line":149,"column":4},"end":{"line":152,"column":null}}]}},"s":{"0":4,"1":18,"2":18,"3":18,"4":20,"5":20,"6":18,"7":18,"8":18,"9":18,"10":22,"11":21,"12":22,"13":22,"14":21,"15":18,"16":1,"17":1,"18":51,"19":51,"20":51,"21":51,"22":51,"23":51,"24":35,"25":35,"26":35,"27":1,"28":34,"29":14,"30":20,"31":7,"32":1,"33":6,"34":6,"35":6,"36":15,"37":13,"38":13,"39":13,"40":1,"41":12,"42":18,"43":18,"44":18,"45":18,"46":1,"47":17,"48":17,"49":12,"50":12,"51":12,"52":18,"53":11,"54":1,"55":1,"56":11,"57":10,"58":18,"59":18,"60":18,"61":4},"f":{"0":18,"1":20,"2":22,"3":21,"4":1,"5":18,"6":1},"b":{"0":[20,15],"1":[17,3],"2":[22,21],"3":[21,1],"4":[1,17],"5":[16,35],"6":[1,34],"7":[14,20],"8":[34,21],"9":[7,13],"10":[1,6],"11":[1,12],"12":[1,17],"13":[1,10],"14":[10,1]}}
,"/Users/lay/docker/web/gitlab/enhance-weapp/src/events.ts": {"path":"/Users/lay/docker/web/gitlab/enhance-weapp/src/events.ts","statementMap":{"0":{"start":{"line":2,"column":0},"end":{"line":2,"column":75}},"1":{"start":{"line":4,"column":27},"end":{"line":4,"column":null}},"2":{"start":{"line":5,"column":2},"end":{"line":5,"column":null}},"3":{"start":{"line":7,"column":2},"end":{"line":15,"column":null}},"4":{"start":{"line":11,"column":4},"end":{"line":11,"column":null}},"5":{"start":{"line":11,"column":31},"end":{"line":11,"column":null}},"6":{"start":{"line":12,"column":4},"end":{"line":14,"column":null}},"7":{"start":{"line":13,"column":6},"end":{"line":13,"column":null}},"8":{"start":{"line":17,"column":2},"end":{"line":26,"column":null}},"9":{"start":{"line":21,"column":4},"end":{"line":21,"column":null}},"10":{"start":{"line":21,"column":31},"end":{"line":21,"column":null}},"11":{"start":{"line":22,"column":4},"end":{"line":25,"column":null}},"12":{"start":{"line":23,"column":6},"end":{"line":23,"column":null}},"13":{"start":{"line":24,"column":6},"end":{"line":24,"column":null}},"14":{"start":{"line":28,"column":2},"end":{"line":42,"column":null}},"15":{"start":{"line":30,"column":4},"end":{"line":30,"column":18}},"16":{"start":{"line":32,"column":4},"end":{"line":41,"column":null}},"17":{"start":{"line":33,"column":6},"end":{"line":40,"column":null}},"18":{"start":{"line":33,"column":19},"end":{"line":33,"column":20}},"19":{"start":{"line":34,"column":19},"end":{"line":34,"column":43}},"20":{"start":{"line":35,"column":8},"end":{"line":35,"column":29}},"21":{"start":{"line":36,"column":8},"end":{"line":39,"column":null}},"22":{"start":{"line":37,"column":10},"end":{"line":37,"column":null}},"23":{"start":{"line":38,"column":10},"end":{"line":38,"column":null}},"24":{"start":{"line":44,"column":2},"end":{"line":58,"column":null}},"25":{"start":{"line":49,"column":4},"end":{"line":57,"column":null}},"26":{"start":{"line":52,"column":8},"end":{"line":53,"column":72}},"27":{"start":{"line":53,"column":62},"end":{"line":53,"column":72}},"28":{"start":{"line":54,"column":6},"end":{"line":56,"column":null}},"29":{"start":{"line":55,"column":8},"end":{"line":55,"column":null}},"30":{"start":{"line":59,"column":2},"end":{"line":59,"column":null}},"31":{"start":{"line":4,"column":0},"end":{"line":4,"column":16}}},"fnMap":{"0":{"name":"initEvents","decl":{"start":{"line":4,"column":16},"end":{"line":4,"column":26}},"loc":{"start":{"line":4,"column":48},"end":{"line":60,"column":1}}},"1":{"name":"events$on","decl":{"start":{"line":7,"column":42},"end":{"line":7,"column":51}},"loc":{"start":{"line":9,"column":21},"end":{"line":15,"column":3}}},"2":{"name":"events$once","decl":{"start":{"line":17,"column":44},"end":{"line":17,"column":55}},"loc":{"start":{"line":19,"column":21},"end":{"line":26,"column":3}}},"3":{"name":"events$emit","decl":{"start":{"line":28,"column":44},"end":{"line":28,"column":55}},"loc":{"start":{"line":29,"column":16},"end":{"line":42,"column":3}}},"4":{"name":"events$off","decl":{"start":{"line":44,"column":43},"end":{"line":44,"column":53}},"loc":{"start":{"line":47,"column":29},"end":{"line":58,"column":3}}},"5":{"name":"(anonymous_6)","decl":{"start":{"line":53,"column":39},"end":{"line":53,"column":40}},"loc":{"start":{"line":53,"column":57},"end":{"line":53,"column":64}}}},"branchMap":{"0":{"loc":{"start":{"line":4,"column":27},"end":{"line":4,"column":null}},"type":"if","locations":[{"start":{"line":4,"column":27},"end":{"line":4,"column":null}},{"start":{"line":4,"column":27},"end":{"line":4,"column":null}}]},"1":{"loc":{"start":{"line":11,"column":4},"end":{"line":11,"column":null}},"type":"if","locations":[{"start":{"line":11,"column":4},"end":{"line":11,"column":null}},{"start":{"line":11,"column":4},"end":{"line":11,"column":null}}]},"2":{"loc":{"start":{"line":12,"column":4},"end":{"line":14,"column":null}},"type":"if","locations":[{"start":{"line":12,"column":4},"end":{"line":14,"column":null}},{"start":{"line":12,"column":4},"end":{"line":14,"column":null}}]},"3":{"loc":{"start":{"line":21,"column":4},"end":{"line":21,"column":null}},"type":"if","locations":[{"start":{"line":21,"column":4},"end":{"line":21,"column":null}},{"start":{"line":21,"column":4},"end":{"line":21,"column":null}}]},"4":{"loc":{"start":{"line":22,"column":4},"end":{"line":25,"column":null}},"type":"if","locations":[{"start":{"line":22,"column":4},"end":{"line":25,"column":null}},{"start":{"line":22,"column":4},"end":{"line":25,"column":null}}]},"5":{"loc":{"start":{"line":32,"column":4},"end":{"line":41,"column":null}},"type":"if","locations":[{"start":{"line":32,"column":4},"end":{"line":41,"column":null}},{"start":{"line":32,"column":4},"end":{"line":41,"column":null}}]},"6":{"loc":{"start":{"line":32,"column":28},"end":{"line":32,"column":30}},"type":"cond-expr","locations":[{"start":{"line":32,"column":28},"end":{"line":32,"column":30}},{"start":{"line":32,"column":28},"end":{"line":32,"column":36}}]},"7":{"loc":{"start":{"line":32,"column":4},"end":{"line":32,"column":30}},"type":"binary-expr","locations":[{"start":{"line":32,"column":4},"end":{"line":32,"column":30}},{"start":{"line":32,"column":28},"end":{"line":32,"column":30}}]},"8":{"loc":{"start":{"line":36,"column":8},"end":{"line":39,"column":null}},"type":"if","locations":[{"start":{"line":36,"column":8},"end":{"line":39,"column":null}},{"start":{"line":36,"column":8},"end":{"line":39,"column":null}}]},"9":{"loc":{"start":{"line":49,"column":4},"end":{"line":57,"column":null}},"type":"if","locations":[{"start":{"line":49,"column":4},"end":{"line":57,"column":null}},{"start":{"line":49,"column":4},"end":{"line":57,"column":null}}]},"10":{"loc":{"start":{"line":49,"column":28},"end":{"line":49,"column":30}},"type":"cond-expr","locations":[{"start":{"line":49,"column":28},"end":{"line":49,"column":30}},{"start":{"line":49,"column":28},"end":{"line":49,"column":36}}]},"11":{"loc":{"start":{"line":49,"column":4},"end":{"line":49,"column":30}},"type":"binary-expr","locations":[{"start":{"line":49,"column":4},"end":{"line":49,"column":30}},{"start":{"line":49,"column":28},"end":{"line":49,"column":30}}]},"12":{"loc":{"start":{"line":52,"column":8},"end":{"line":52,"column":24}},"type":"binary-expr","locations":[{"start":{"line":52,"column":8},"end":{"line":52,"column":24}},{"start":{"line":53,"column":8},"end":{"line":53,"column":72}}]},"13":{"loc":{"start":{"line":54,"column":6},"end":{"line":56,"column":null}},"type":"if","locations":[{"start":{"line":54,"column":6},"end":{"line":56,"column":null}},{"start":{"line":54,"column":6},"end":{"line":56,"column":null}}]}},"s":{"0":4,"1":47,"2":40,"3":40,"4":35,"5":31,"6":35,"7":34,"8":40,"9":55,"10":29,"11":55,"12":54,"13":54,"14":40,"15":2840,"16":950,"17":46,"18":46,"19":69,"20":69,"21":69,"22":51,"23":51,"24":40,"25":54,"26":53,"27":53,"28":53,"29":52,"30":40,"31":4},"f":{"0":40,"1":35,"2":55,"3":950,"4":54,"5":53},"b":{"0":[7,33],"1":[31,4],"2":[34,1],"3":[29,26],"4":[54,1],"5":[46,904],"6":[887,63],"7":[950,950],"8":[51,18],"9":[53,1],"10":[1,53],"11":[54,54],"12":[53,52],"13":[52,1]}}
,"/Users/lay/docker/web/gitlab/enhance-weapp/src/lifecycle.ts": {"path":"/Users/lay/docker/web/gitlab/enhance-weapp/src/lifecycle.ts","statementMap":{"0":{"start":{"line":1,"column":0},"end":{"line":1,"column":null}},"1":{"start":{"line":8,"column":0},"end":{"line":8,"column":37}},"2":{"start":{"line":9,"column":0},"end":{"line":9,"column":40}},"3":{"start":{"line":10,"column":0},"end":{"line":10,"column":41}},"4":{"start":{"line":11,"column":0},"end":{"line":11,"column":49}},"5":{"start":{"line":12,"column":0},"end":{"line":12,"column":null}},"6":{"start":{"line":21,"column":25},"end":{"line":21,"column":29}},"7":{"start":{"line":23,"column":13},"end":{"line":25,"column":null}},"8":{"start":{"line":24,"column":2},"end":{"line":24,"column":null}},"9":{"start":{"line":27,"column":43},"end":{"line":111,"column":1}},"10":{"start":{"line":28,"column":6},"end":{"line":28,"column":null}},"11":{"start":{"line":29,"column":6},"end":{"line":29,"column":null}},"12":{"start":{"line":30,"column":5},"end":{"line":30,"column":null}},"13":{"start":{"line":31,"column":12},"end":{"line":31,"column":null}},"14":{"start":{"line":32,"column":10},"end":{"line":32,"column":null}},"15":{"start":{"line":33,"column":13},"end":{"line":33,"column":null}},"16":{"start":{"line":52,"column":2},"end":{"line":110,"column":null}},"17":{"start":{"line":53,"column":4},"end":{"line":62,"column":null}},"18":{"start":{"line":55,"column":6},"end":{"line":55,"column":null}},"19":{"start":{"line":56,"column":11},"end":{"line":62,"column":null}},"20":{"start":{"line":58,"column":6},"end":{"line":58,"column":null}},"21":{"start":{"line":61,"column":6},"end":{"line":61,"column":null}},"22":{"start":{"line":63,"column":9},"end":{"line":110,"column":null}},"23":{"start":{"line":64,"column":4},"end":{"line":95,"column":null}},"24":{"start":{"line":74,"column":11},"end":{"line":95,"column":null}},"25":{"start":{"line":78,"column":6},"end":{"line":87,"column":null}},"26":{"start":{"line":88,"column":6},"end":{"line":88,"column":12}},"27":{"start":{"line":89,"column":11},"end":{"line":95,"column":null}},"28":{"start":{"line":91,"column":6},"end":{"line":91,"column":null}},"29":{"start":{"line":94,"column":6},"end":{"line":94,"column":null}},"30":{"start":{"line":97,"column":4},"end":{"line":109,"column":null}},"31":{"start":{"line":99,"column":6},"end":{"line":99,"column":null}},"32":{"start":{"line":100,"column":11},"end":{"line":109,"column":null}},"33":{"start":{"line":102,"column":6},"end":{"line":102,"column":null}},"34":{"start":{"line":103,"column":11},"end":{"line":109,"column":null}},"35":{"start":{"line":105,"column":6},"end":{"line":105,"column":null}},"36":{"start":{"line":108,"column":6},"end":{"line":108,"column":null}},"37":{"start":{"line":113,"column":13},"end":{"line":115,"column":null}},"38":{"start":{"line":114,"column":2},"end":{"line":114,"column":null}},"39":{"start":{"line":118,"column":19},"end":{"line":118,"column":31}},"40":{"start":{"line":130,"column":2},"end":{"line":138,"column":null}},"41":{"start":{"line":132,"column":4},"end":{"line":132,"column":null}},"42":{"start":{"line":134,"column":4},"end":{"line":134,"column":null}},"43":{"start":{"line":136,"column":4},"end":{"line":136,"column":null}},"44":{"start":{"line":137,"column":4},"end":{"line":137,"column":null}},"45":{"start":{"line":141,"column":24},"end":{"line":141,"column":50}},"46":{"start":{"line":144,"column":2},"end":{"line":307,"column":null}},"47":{"start":{"line":146,"column":21},"end":{"line":146,"column":49}},"48":{"start":{"line":150,"column":6},"end":{"line":154,"column":17}},"49":{"start":{"line":158,"column":6},"end":{"line":161,"column":32}},"50":{"start":{"line":164,"column":4},"end":{"line":306,"column":null}},"51":{"start":{"line":164,"column":29},"end":{"line":164,"column":38}},"52":{"start":{"line":166,"column":6},"end":{"line":214,"column":null}},"53":{"start":{"line":168,"column":8},"end":{"line":168,"column":null}},"54":{"start":{"line":170,"column":8},"end":{"line":170,"column":null}},"55":{"start":{"line":172,"column":8},"end":{"line":172,"column":null}},"56":{"start":{"line":175,"column":8},"end":{"line":200,"column":null}},"57":{"start":{"line":176,"column":10},"end":{"line":180,"column":null}},"58":{"start":{"line":177,"column":12},"end":{"line":179,"column":null}},"59":{"start":{"line":181,"column":15},"end":{"line":200,"column":null}},"60":{"start":{"line":182,"column":10},"end":{"line":186,"column":null}},"61":{"start":{"line":183,"column":12},"end":{"line":185,"column":null}},"62":{"start":{"line":187,"column":10},"end":{"line":193,"column":null}},"63":{"start":{"line":188,"column":12},"end":{"line":192,"column":null}},"64":{"start":{"line":189,"column":14},"end":{"line":191,"column":null}},"65":{"start":{"line":203,"column":8},"end":{"line":213,"column":null}},"66":{"start":{"line":205,"column":10},"end":{"line":212,"column":null}},"67":{"start":{"line":207,"column":12},"end":{"line":207,"column":null}},"68":{"start":{"line":209,"column":12},"end":{"line":209,"column":null}},"69":{"start":{"line":210,"column":12},"end":{"line":210,"column":null}},"70":{"start":{"line":211,"column":12},"end":{"line":211,"column":null}},"71":{"start":{"line":217,"column":6},"end":{"line":239,"column":null}},"72":{"start":{"line":221,"column":8},"end":{"line":221,"column":null}},"73":{"start":{"line":238,"column":8},"end":{"line":238,"column":null}},"74":{"start":{"line":242,"column":26},"end":{"line":283,"column":7}},"75":{"start":{"line":244,"column":24},"end":{"line":253,"column":9}},"76":{"start":{"line":245,"column":10},"end":{"line":245,"column":null}},"77":{"start":{"line":246,"column":10},"end":{"line":246,"column":null}},"78":{"start":{"line":248,"column":10},"end":{"line":248,"column":null}},"79":{"start":{"line":249,"column":10},"end":{"line":249,"column":null}},"80":{"start":{"line":251,"column":10},"end":{"line":251,"column":null}},"81":{"start":{"line":252,"column":10},"end":{"line":252,"column":null}},"82":{"start":{"line":255,"column":23},"end":{"line":266,"column":9}},"83":{"start":{"line":256,"column":10},"end":{"line":256,"column":null}},"84":{"start":{"line":257,"column":10},"end":{"line":257,"column":null}},"85":{"start":{"line":258,"column":10},"end":{"line":259,"column":null}},"86":{"start":{"line":259,"column":12},"end":{"line":259,"column":null}},"87":{"start":{"line":261,"column":10},"end":{"line":261,"column":null}},"88":{"start":{"line":262,"column":10},"end":{"line":262,"column":null}},"89":{"start":{"line":264,"column":10},"end":{"line":264,"column":null}},"90":{"start":{"line":265,"column":10},"end":{"line":265,"column":null}},"91":{"start":{"line":268,"column":8},"end":{"line":282,"column":null}},"92":{"start":{"line":270,"column":25},"end":{"line":270,"column":61}},"93":{"start":{"line":281,"column":10},"end":{"line":281,"column":null}},"94":{"start":{"line":286,"column":35},"end":{"line":290,"column":7}},"95":{"start":{"line":287,"column":8},"end":{"line":289,"column":null}},"96":{"start":{"line":293,"column":6},"end":{"line":305,"column":null}},"97":{"start":{"line":294,"column":8},"end":{"line":301,"column":null}},"98":{"start":{"line":304,"column":8},"end":{"line":304,"column":null}},"99":{"start":{"line":309,"column":2},"end":{"line":309,"column":null}},"100":{"start":{"line":125,"column":0},"end":{"line":125,"column":16}},"101":{"start":{"line":320,"column":2},"end":{"line":320,"column":null}},"102":{"start":{"line":322,"column":2},"end":{"line":327,"column":null}},"103":{"start":{"line":324,"column":4},"end":{"line":324,"column":null}},"104":{"start":{"line":325,"column":4},"end":{"line":325,"column":null}},"105":{"start":{"line":326,"column":4},"end":{"line":326,"column":null}},"106":{"start":{"line":328,"column":2},"end":{"line":328,"column":null}},"107":{"start":{"line":315,"column":0},"end":{"line":315,"column":16}},"108":{"start":{"line":342,"column":2},"end":{"line":342,"column":null}},"109":{"start":{"line":343,"column":2},"end":{"line":343,"column":null}},"110":{"start":{"line":344,"column":2},"end":{"line":344,"column":null}},"111":{"start":{"line":345,"column":2},"end":{"line":345,"column":null}},"112":{"start":{"line":348,"column":26},"end":{"line":348,"column":33}},"113":{"start":{"line":350,"column":18},"end":{"line":350,"column":37}},"114":{"start":{"line":352,"column":14},"end":{"line":352,"column":28}},"115":{"start":{"line":357,"column":26},"end":{"line":365,"column":3}},"116":{"start":{"line":358,"column":4},"end":{"line":364,"column":null}},"117":{"start":{"line":360,"column":6},"end":{"line":360,"column":null}},"118":{"start":{"line":363,"column":6},"end":{"line":363,"column":null}},"119":{"start":{"line":367,"column":2},"end":{"line":406,"column":null}},"120":{"start":{"line":368,"column":4},"end":{"line":387,"column":null}},"121":{"start":{"line":368,"column":17},"end":{"line":368,"column":26}},"122":{"start":{"line":368,"column":13},"end":{"line":368,"column":17}},"123":{"start":{"line":389,"column":26},"end":{"line":399,"column":5}},"124":{"start":{"line":390,"column":6},"end":{"line":390,"column":null}},"125":{"start":{"line":391,"column":21},"end":{"line":391,"column":47}},"126":{"start":{"line":398,"column":6},"end":{"line":398,"column":null}},"127":{"start":{"line":407,"column":2},"end":{"line":407,"column":null}}},"fnMap":{"0":{"name":"(anonymous_0)","decl":{"start":{"line":23,"column":35},"end":{"line":23,"column":null}},"loc":{"start":{"line":23,"column":35},"end":{"line":25,"column":1}}},"1":{"name":"(anonymous_1)","decl":{"start":{"line":27,"column":43},"end":{"line":27,"column":44}},"loc":{"start":{"line":34,"column":1},"end":{"line":111,"column":1}}},"2":{"name":"(anonymous_2)","decl":{"start":{"line":113,"column":38},"end":{"line":113,"column":39}},"loc":{"start":{"line":113,"column":61},"end":{"line":115,"column":1}}},"3":{"name":"decoratorLifeCycle","decl":{"start":{"line":125,"column":16},"end":{"line":125,"column":34}},"loc":{"start":{"line":127,"column":21},"end":{"line":310,"column":1}}},"4":{"name":"(anonymous_4)","decl":{"start":{"line":144,"column":19},"end":{"line":144,"column":20}},"loc":{"start":{"line":144,"column":34},"end":{"line":307,"column":3}}},"5":{"name":"decoratorLC","decl":{"start":{"line":164,"column":38},"end":{"line":164,"column":49}},"loc":{"start":{"line":164,"column":70},"end":{"line":306,"column":5}}},"6":{"name":"(anonymous_6)","decl":{"start":{"line":176,"column":37},"end":{"line":176,"column":null}},"loc":{"start":{"line":176,"column":37},"end":{"line":180,"column":11}}},"7":{"name":"(anonymous_7)","decl":{"start":{"line":182,"column":37},"end":{"line":182,"column":null}},"loc":{"start":{"line":182,"column":37},"end":{"line":186,"column":11}}},"8":{"name":"(anonymous_8)","decl":{"start":{"line":187,"column":39},"end":{"line":187,"column":null}},"loc":{"start":{"line":187,"column":39},"end":{"line":193,"column":11}}},"9":{"name":"(anonymous_9)","decl":{"start":{"line":188,"column":28},"end":{"line":188,"column":32}},"loc":{"start":{"line":188,"column":32},"end":{"line":192,"column":13}}},"10":{"name":"(anonymous_10)","decl":{"start":{"line":242,"column":26},"end":{"line":242,"column":null}},"loc":{"start":{"line":242,"column":26},"end":{"line":283,"column":7}}},"11":{"name":"(anonymous_11)","decl":{"start":{"line":244,"column":24},"end":{"line":244,"column":25}},"loc":{"start":{"line":244,"column":33},"end":{"line":253,"column":9}}},"12":{"name":"(anonymous_12)","decl":{"start":{"line":255,"column":23},"end":{"line":255,"column":24}},"loc":{"start":{"line":255,"column":32},"end":{"line":266,"column":9}}},"13":{"name":"(anonymous_13)","decl":{"start":{"line":286,"column":35},"end":{"line":286,"column":36}},"loc":{"start":{"line":286,"column":55},"end":{"line":290,"column":7}}},"14":{"name":"initHooks","decl":{"start":{"line":315,"column":16},"end":{"line":315,"column":25}},"loc":{"start":{"line":317,"column":21},"end":{"line":329,"column":1}}},"15":{"name":"(anonymous_15)","decl":{"start":{"line":322,"column":19},"end":{"line":322,"column":20}},"loc":{"start":{"line":322,"column":34},"end":{"line":327,"column":3}}},"16":{"name":"callHooks","decl":{"start":{"line":332,"column":9},"end":{"line":332,"column":18}},"loc":{"start":{"line":337,"column":19},"end":{"line":408,"column":1}}},"17":{"name":"(anonymous_17)","decl":{"start":{"line":357,"column":26},"end":{"line":357,"column":27}},"loc":{"start":{"line":357,"column":35},"end":{"line":365,"column":3}}},"18":{"name":"(anonymous_19)","decl":{"start":{"line":389,"column":26},"end":{"line":389,"column":27}},"loc":{"start":{"line":389,"column":38},"end":{"line":399,"column":5}}}},"branchMap":{"0":{"loc":{"start":{"line":52,"column":2},"end":{"line":110,"column":null}},"type":"if","locations":[{"start":{"line":52,"column":2},"end":{"line":110,"column":null}},{"start":{"line":52,"column":2},"end":{"line":110,"column":null}}]},"1":{"loc":{"start":{"line":53,"column":4},"end":{"line":62,"column":null}},"type":"if","locations":[{"start":{"line":53,"column":4},"end":{"line":62,"column":null}},{"start":{"line":53,"column":4},"end":{"line":62,"column":null}}]},"2":{"loc":{"start":{"line":56,"column":11},"end":{"line":62,"column":null}},"type":"if","locations":[{"start":{"line":56,"column":11},"end":{"line":62,"column":null}},{"start":{"line":56,"column":11},"end":{"line":62,"column":null}}]},"3":{"loc":{"start":{"line":63,"column":9},"end":{"line":110,"column":null}},"type":"if","locations":[{"start":{"line":63,"column":9},"end":{"line":110,"column":null}},{"start":{"line":63,"column":9},"end":{"line":110,"column":null}}]},"4":{"loc":{"start":{"line":64,"column":4},"end":{"line":95,"column":null}},"type":"if","locations":[{"start":{"line":64,"column":4},"end":{"line":95,"column":null}},{"start":{"line":64,"column":4},"end":{"line":95,"column":null}}]},"5":{"loc":{"start":{"line":74,"column":11},"end":{"line":95,"column":null}},"type":"if","locations":[{"start":{"line":74,"column":11},"end":{"line":95,"column":null}},{"start":{"line":74,"column":11},"end":{"line":95,"column":null}}]},"6":{"loc":{"start":{"line":80,"column":10},"end":{"line":80,"column":23}},"type":"cond-expr","locations":[{"start":{"line":80,"column":10},"end":{"line":80,"column":23}},{"start":{"line":82,"column":8},"end":{"line":87,"column":50}}]},"7":{"loc":{"start":{"line":78,"column":6},"end":{"line":78,"column":31}},"type":"binary-expr","locations":[{"start":{"line":78,"column":6},"end":{"line":78,"column":31}},{"start":{"line":78,"column":35},"end":{"line":78,"column":71}}]},"8":{"loc":{"start":{"line":87,"column":10},"end":{"line":87,"column":50}},"type":"cond-expr","locations":[{"start":{"line":87,"column":10},"end":{"line":87,"column":50}}]},"9":{"loc":{"start":{"line":89,"column":11},"end":{"line":95,"column":null}},"type":"if","locations":[{"start":{"line":89,"column":11},"end":{"line":95,"column":null}},{"start":{"line":89,"column":11},"end":{"line":95,"column":null}}]},"10":{"loc":{"start":{"line":97,"column":4},"end":{"line":109,"column":null}},"type":"if","locations":[{"start":{"line":97,"column":4},"end":{"line":109,"column":null}},{"start":{"line":97,"column":4},"end":{"line":109,"column":null}}]},"11":{"loc":{"start":{"line":100,"column":11},"end":{"line":109,"column":null}},"type":"if","locations":[{"start":{"line":100,"column":11},"end":{"line":109,"column":null}},{"start":{"line":100,"column":11},"end":{"line":109,"column":null}}]},"12":{"loc":{"start":{"line":103,"column":11},"end":{"line":109,"column":null}},"type":"if","locations":[{"start":{"line":103,"column":11},"end":{"line":109,"column":null}},{"start":{"line":103,"column":11},"end":{"line":109,"column":null}}]},"13":{"loc":{"start":{"line":130,"column":2},"end":{"line":138,"column":null}},"type":"if","locations":[{"start":{"line":130,"column":2},"end":{"line":138,"column":null}},{"start":{"line":130,"column":2},"end":{"line":138,"column":null}}]},"14":{"loc":{"start":{"line":132,"column":4},"end":{"line":132,"column":36}},"type":"binary-expr","locations":[{"start":{"line":132,"column":4},"end":{"line":132,"column":36}},{"start":{"line":132,"column":41},"end":{"line":132,"column":67}}]},"15":{"loc":{"start":{"line":134,"column":4},"end":{"line":134,"column":32}},"type":"binary-expr","locations":[{"start":{"line":134,"column":4},"end":{"line":134,"column":32}},{"start":{"line":134,"column":37},"end":{"line":134,"column":59}}]},"16":{"loc":{"start":{"line":136,"column":4},"end":{"line":136,"column":30}},"type":"binary-expr","locations":[{"start":{"line":136,"column":4},"end":{"line":136,"column":30}},{"start":{"line":136,"column":35},"end":{"line":136,"column":55}}]},"17":{"loc":{"start":{"line":137,"column":4},"end":{"line":137,"column":29}},"type":"binary-expr","locations":[{"start":{"line":137,"column":4},"end":{"line":137,"column":29}},{"start":{"line":137,"column":34},"end":{"line":137,"column":71}}]},"18":{"loc":{"start":{"line":151,"column":10},"end":{"line":153,"column":29}},"type":"cond-expr","locations":[{"start":{"line":151,"column":10},"end":{"line":153,"column":29}},{"start":{"line":154,"column":10},"end":{"line":154,"column":17}}]},"19":{"loc":{"start":{"line":152,"column":12},"end":{"line":152,"column":33}},"type":"cond-expr","locations":[{"start":{"line":152,"column":12},"end":{"line":152,"column":33}},{"start":{"line":153,"column":12},"end":{"line":153,"column":29}}]},"20":{"loc":{"start":{"line":160,"column":10},"end":{"line":160,"column":49}},"type":"cond-expr","locations":[{"start":{"line":160,"column":10},"end":{"line":160,"column":49}},{"start":{"line":161,"column":10},"end":{"line":161,"column":32}}]},"21":{"loc":{"start":{"line":158,"column":6},"end":{"line":158,"column":26}},"type":"binary-expr","locations":[{"start":{"line":158,"column":6},"end":{"line":158,"column":26}},{"start":{"line":158,"column":30},"end":{"line":158,"column":39}}]},"22":{"loc":{"start":{"line":160,"column":10},"end":{"line":160,"column":32}},"type":"binary-expr","locations":[{"start":{"line":160,"column":10},"end":{"line":160,"column":32}},{"start":{"line":160,"column":36},"end":{"line":160,"column":49}}]},"23":{"loc":{"start":{"line":166,"column":6},"end":{"line":214,"column":null}},"type":"if","locations":[{"start":{"line":166,"column":6},"end":{"line":214,"column":null}},{"start":{"line":166,"column":6},"end":{"line":214,"column":null}}]},"24":{"loc":{"start":{"line":166,"column":10},"end":{"line":166,"column":29}},"type":"binary-expr","locations":[{"start":{"line":166,"column":10},"end":{"line":166,"column":29}},{"start":{"line":166,"column":33},"end":{"line":166,"column":50}},{"start":{"line":166,"column":54},"end":{"line":166,"column":72}}]},"25":{"loc":{"start":{"line":175,"column":8},"end":{"line":200,"column":null}},"type":"if","locations":[{"start":{"line":175,"column":8},"end":{"line":200,"column":null}},{"start":{"line":175,"column":8},"end":{"line":200,"column":null}}]},"26":{"loc":{"start":{"line":181,"column":15},"end":{"line":200,"column":null}},"type":"if","locations":[{"start":{"line":181,"column":15},"end":{"line":200,"column":null}},{"start":{"line":181,"column":15},"end":{"line":200,"column":null}}]},"27":{"loc":{"start":{"line":203,"column":8},"end":{"line":213,"column":null}},"type":"if","locations":[{"start":{"line":203,"column":8},"end":{"line":213,"column":null}},{"start":{"line":203,"column":8},"end":{"line":213,"column":null}}]},"28":{"loc":{"start":{"line":205,"column":10},"end":{"line":212,"column":null}},"type":"if","locations":[{"start":{"line":205,"column":10},"end":{"line":212,"column":null}},{"start":{"line":205,"column":10},"end":{"line":212,"column":null}}]},"29":{"loc":{"start":{"line":210,"column":54},"end":{"line":210,"column":69}},"type":"cond-expr","locations":[{"start":{"line":210,"column":54},"end":{"line":210,"column":69}},{"start":{"line":210,"column":72},"end":{"line":210,"column":79}}]},"30":{"loc":{"start":{"line":217,"column":6},"end":{"line":239,"column":null}},"type":"if","locations":[{"start":{"line":217,"column":6},"end":{"line":239,"column":null}},{"start":{"line":217,"column":6},"end":{"line":239,"column":null}}]},"31":{"loc":{"start":{"line":258,"column":10},"end":{"line":259,"column":null}},"type":"if","locations":[{"start":{"line":258,"column":10},"end":{"line":259,"column":null}},{"start":{"line":258,"column":10},"end":{"line":259,"column":null}}]},"32":{"loc":{"start":{"line":288,"column":12},"end":{"line":288,"column":25}},"type":"cond-expr","locations":[{"start":{"line":288,"column":12},"end":{"line":288,"column":25}},{"start":{"line":289,"column":12},"end":{"line":289,"column":50}}]},"33":{"loc":{"start":{"line":293,"column":6},"end":{"line":305,"column":null}},"type":"if","locations":[{"start":{"line":293,"column":6},"end":{"line":305,"column":null}},{"start":{"line":293,"column":6},"end":{"line":305,"column":null}}]},"34":{"loc":{"start":{"line":358,"column":4},"end":{"line":364,"column":null}},"type":"if","locations":[{"start":{"line":358,"column":4},"end":{"line":364,"column":null}},{"start":{"line":358,"column":4},"end":{"line":364,"column":null}}]},"35":{"loc":{"start":{"line":367,"column":2},"end":{"line":406,"column":null}},"type":"if","locations":[{"start":{"line":367,"column":2},"end":{"line":406,"column":null}},{"start":{"line":367,"column":2},"end":{"line":406,"column":null}}]}},"s":{"0":3,"1":3,"2":3,"3":3,"4":3,"5":3,"6":3,"7":3,"8":3,"9":3,"10":185,"11":185,"12":185,"13":185,"14":185,"15":185,"16":185,"17":35,"18":5,"19":30,"20":5,"21":25,"22":150,"23":102,"24":90,"25":10,"26":10,"27":80,"28":10,"29":70,"30":48,"31":8,"32":40,"33":8,"34":32,"35":8,"36":24,"37":3,"38":1,"39":3,"40":32,"41":8,"42":8,"43":8,"44":8,"45":32,"46":32,"47":297,"48":297,"49":297,"50":297,"51":237,"52":237,"53":32,"54":32,"55":32,"56":32,"57":5,"58":5,"59":27,"60":19,"61":15,"62":19,"63":15,"64":150,"65":32,"66":27,"67":14,"68":14,"69":14,"70":14,"71":237,"72":7,"73":7,"74":237,"75":235,"76":233,"77":233,"78":233,"79":233,"80":233,"81":233,"82":235,"83":2,"84":2,"85":2,"86":1,"87":2,"88":2,"89":2,"90":2,"91":235,"92":235,"93":1,"94":237,"95":56,"96":237,"97":185,"98":52,"99":32,"100":3,"101":38,"102":38,"103":353,"104":353,"105":353,"106":38,"107":3,"108":235,"109":235,"110":235,"111":235,"112":235,"113":235,"114":235,"115":235,"116":122,"117":110,"118":12,"119":235,"120":61,"121":61,"122":64,"123":60,"124":59,"125":59,"126":59,"127":234},"f":{"0":3,"1":185,"2":1,"3":32,"4":297,"5":237,"6":5,"7":15,"8":15,"9":150,"10":235,"11":233,"12":2,"13":56,"14":38,"15":353,"16":235,"17":122,"18":59},"b":{"0":[35,150],"1":[5,30],"2":[5,25],"3":[102,48],"4":[12,90],"5":[10,80],"6":[5,5],"7":[10,5],"8":[5],"9":[10,70],"10":[8,40],"11":[8,32],"12":[8,24],"13":[8,24],"14":[8,7],"15":[8,8],"16":[8,8],"17":[8,3],"18":[72,225],"19":[24,48],"20":[48,249],"21":[297,72],"22":[48,48],"23":[32,205],"24":[237,232,213],"25":[5,27],"26":[19,8],"27":[27,5],"28":[14,13],"29":[3,11],"30":[7,230],"31":[1,1],"32":[20,36],"33":[185,52],"34":[110,12],"35":[61,174]}}
,"/Users/lay/docker/web/gitlab/enhance-weapp/src/mixins.ts": {"path":"/Users/lay/docker/web/gitlab/enhance-weapp/src/mixins.ts","statementMap":{"0":{"start":{"line":2,"column":0},"end":{"line":2,"column":33}},"1":{"start":{"line":4,"column":41},"end":{"line":4,"column":45}},"2":{"start":{"line":6,"column":2},"end":{"line":6,"column":null}},"3":{"start":{"line":5,"column":0},"end":{"line":5,"column":16}},"4":{"start":{"line":13,"column":2},"end":{"line":52,"column":null}},"5":{"start":{"line":14,"column":31},"end":{"line":31,"column":5}},"6":{"start":{"line":15,"column":6},"end":{"line":30,"column":null}},"7":{"start":{"line":16,"column":8},"end":{"line":24,"column":null}},"8":{"start":{"line":17,"column":10},"end":{"line":17,"column":null}},"9":{"start":{"line":17,"column":25},"end":{"line":17,"column":null}},"10":{"start":{"line":18,"column":10},"end":{"line":23,"column":null}},"11":{"start":{"line":18,"column":43},"end":{"line":18,"column":45}},"12":{"start":{"line":18,"column":48},"end":{"line":18,"column":49}},"13":{"start":{"line":20,"column":12},"end":{"line":22,"column":null}},"14":{"start":{"line":21,"column":14},"end":{"line":21,"column":null}},"15":{"start":{"line":27,"column":8},"end":{"line":29,"column":null}},"16":{"start":{"line":28,"column":10},"end":{"line":28,"column":null}},"17":{"start":{"line":32,"column":4},"end":{"line":46,"column":null}},"18":{"start":{"line":33,"column":49},"end":{"line":33,"column":51}},"19":{"start":{"line":33,"column":54},"end":{"line":33,"column":55}},"20":{"start":{"line":34,"column":8},"end":{"line":45,"column":null}},"21":{"start":{"line":35,"column":10},"end":{"line":42,"column":null}},"22":{"start":{"line":36,"column":20},"end":{"line":36,"column":22}},"23":{"start":{"line":36,"column":29},"end":{"line":36,"column":30}},"24":{"start":{"line":37,"column":14},"end":{"line":40,"column":null}},"25":{"start":{"line":38,"column":16},"end":{"line":38,"column":null}},"26":{"start":{"line":38,"column":45},"end":{"line":38,"column":null}},"27":{"start":{"line":39,"column":16},"end":{"line":39,"column":54}},"28":{"start":{"line":44,"column":10},"end":{"line":44,"column":null}},"29":{"start":{"line":48,"column":4},"end":{"line":51,"column":null}},"30":{"start":{"line":48,"column":40},"end":{"line":48,"column":42}},"31":{"start":{"line":48,"column":45},"end":{"line":48,"column":46}},"32":{"start":{"line":49,"column":6},"end":{"line":49,"column":72}},"33":{"start":{"line":49,"column":66},"end":{"line":49,"column":72}},"34":{"start":{"line":50,"column":6},"end":{"line":50,"column":null}},"35":{"start":{"line":53,"column":2},"end":{"line":53,"column":null}},"36":{"start":{"line":9,"column":0},"end":{"line":9,"column":16}}},"fnMap":{"0":{"name":"globalMixins","decl":{"start":{"line":5,"column":16},"end":{"line":5,"column":28}},"loc":{"start":{"line":5,"column":51},"end":{"line":7,"column":1}}},"1":{"name":"handlerMixins","decl":{"start":{"line":9,"column":16},"end":{"line":9,"column":29}},"loc":{"start":{"line":11,"column":21},"end":{"line":54,"column":1}}},"2":{"name":"(anonymous_2)","decl":{"start":{"line":14,"column":31},"end":{"line":14,"column":32}},"loc":{"start":{"line":14,"column":53},"end":{"line":31,"column":5}}},"3":{"name":"(anonymous_3)","decl":{"start":{"line":18,"column":38},"end":{"line":18,"column":39}},"loc":{"start":{"line":18,"column":49},"end":{"line":23,"column":11}}},"4":{"name":"(anonymous_4)","decl":{"start":{"line":33,"column":44},"end":{"line":33,"column":45}},"loc":{"start":{"line":33,"column":55},"end":{"line":46,"column":7}}},"5":{"name":"(anonymous_5)","decl":{"start":{"line":36,"column":12},"end":{"line":36,"column":13}},"loc":{"start":{"line":36,"column":30},"end":{"line":41,"column":13}}},"6":{"name":"(anonymous_6)","decl":{"start":{"line":48,"column":35},"end":{"line":48,"column":36}},"loc":{"start":{"line":48,"column":46},"end":{"line":51,"column":5}}}},"branchMap":{"0":{"loc":{"start":{"line":13,"column":2},"end":{"line":52,"column":null}},"type":"if","locations":[{"start":{"line":13,"column":2},"end":{"line":52,"column":null}},{"start":{"line":13,"column":2},"end":{"line":52,"column":null}}]},"1":{"loc":{"start":{"line":13,"column":6},"end":{"line":13,"column":12}},"type":"binary-expr","locations":[{"start":{"line":13,"column":6},"end":{"line":13,"column":12}},{"start":{"line":13,"column":16},"end":{"line":13,"column":32}}]},"2":{"loc":{"start":{"line":15,"column":6},"end":{"line":30,"column":null}},"type":"if","locations":[{"start":{"line":15,"column":6},"end":{"line":30,"column":null}},{"start":{"line":15,"column":6},"end":{"line":30,"column":null}}]},"3":{"loc":{"start":{"line":16,"column":8},"end":{"line":24,"column":null}},"type":"if","locations":[{"start":{"line":16,"column":8},"end":{"line":24,"column":null}},{"start":{"line":16,"column":8},"end":{"line":24,"column":null}}]},"4":{"loc":{"start":{"line":17,"column":10},"end":{"line":17,"column":null}},"type":"if","locations":[{"start":{"line":17,"column":10},"end":{"line":17,"column":null}},{"start":{"line":17,"column":10},"end":{"line":17,"column":null}}]},"5":{"loc":{"start":{"line":20,"column":12},"end":{"line":22,"column":null}},"type":"if","locations":[{"start":{"line":20,"column":12},"end":{"line":22,"column":null}},{"start":{"line":20,"column":12},"end":{"line":22,"column":null}}]},"6":{"loc":{"start":{"line":27,"column":8},"end":{"line":29,"column":null}},"type":"if","locations":[{"start":{"line":27,"column":8},"end":{"line":29,"column":null}},{"start":{"line":27,"column":8},"end":{"line":29,"column":null}}]},"7":{"loc":{"start":{"line":32,"column":4},"end":{"line":32,"column":26}},"type":"binary-expr","locations":[{"start":{"line":32,"column":4},"end":{"line":32,"column":26}},{"start":{"line":33,"column":6},"end":{"line":46,"column":8}}]},"8":{"loc":{"start":{"line":34,"column":8},"end":{"line":45,"column":null}},"type":"if","locations":[{"start":{"line":34,"column":8},"end":{"line":45,"column":null}},{"start":{"line":34,"column":8},"end":{"line":45,"column":null}}]},"9":{"loc":{"start":{"line":34,"column":12},"end":{"line":34,"column":27}},"type":"binary-expr","locations":[{"start":{"line":34,"column":12},"end":{"line":34,"column":27}},{"start":{"line":34,"column":31},"end":{"line":34,"column":44}}]},"10":{"loc":{"start":{"line":37,"column":14},"end":{"line":40,"column":null}},"type":"if","locations":[{"start":{"line":37,"column":14},"end":{"line":40,"column":null}},{"start":{"line":37,"column":14},"end":{"line":40,"column":null}}]},"11":{"loc":{"start":{"line":38,"column":16},"end":{"line":38,"column":null}},"type":"if","locations":[{"start":{"line":38,"column":16},"end":{"line":38,"column":null}},{"start":{"line":38,"column":16},"end":{"line":38,"column":null}}]},"12":{"loc":{"start":{"line":49,"column":6},"end":{"line":49,"column":72}},"type":"if","locations":[{"start":{"line":49,"column":6},"end":{"line":49,"column":72}},{"start":{"line":49,"column":6},"end":{"line":49,"column":72}}]},"13":{"loc":{"start":{"line":49,"column":10},"end":{"line":49,"column":23}},"type":"binary-expr","locations":[{"start":{"line":49,"column":10},"end":{"line":49,"column":23}},{"start":{"line":49,"column":27},"end":{"line":49,"column":41}},{"start":{"line":49,"column":45},"end":{"line":49,"column":64}}]}},"s":{"0":3,"1":3,"2":11,"3":3,"4":45,"5":12,"6":18,"7":13,"8":12,"9":7,"10":12,"11":12,"12":12,"13":12,"14":10,"15":5,"16":4,"17":12,"18":18,"19":18,"20":18,"21":5,"22":7,"23":7,"24":7,"25":6,"26":1,"27":6,"28":13,"29":12,"30":23,"31":23,"32":23,"33":18,"34":5,"35":45,"36":3},"f":{"0":11,"1":45,"2":18,"3":12,"4":18,"5":7,"6":23},"b":{"0":[12,33],"1":[45,13],"2":[13,5],"3":[12,1],"4":[7,5],"5":[10,2],"6":[4,1],"7":[12,11],"8":[5,13],"9":[18,5],"10":[6,1],"11":[1,5],"12":[18,5],"13":[23,19,9]}}
,"/Users/lay/docker/web/gitlab/enhance-weapp/src/reactive.ts": {"path":"/Users/lay/docker/web/gitlab/enhance-weapp/src/reactive.ts","statementMap":{"0":{"start":{"line":1,"column":0},"end":{"line":1,"column":76}},"1":{"start":{"line":2,"column":0},"end":{"line":2,"column":78}},"2":{"start":{"line":3,"column":0},"end":{"line":3,"column":49}},"3":{"start":{"line":4,"column":0},"end":{"line":4,"column":41}},"4":{"start":{"line":13,"column":2},"end":{"line":13,"column":null}},"5":{"start":{"line":14,"column":2},"end":{"line":14,"column":null}},"6":{"start":{"line":16,"column":2},"end":{"line":16,"column":null}},"7":{"start":{"line":17,"column":2},"end":{"line":17,"column":null}},"8":{"start":{"line":18,"column":2},"end":{"line":18,"column":null}},"9":{"start":{"line":20,"column":20},"end":{"line":20,"column":48}},"10":{"start":{"line":21,"column":2},"end":{"line":51,"column":null}},"11":{"start":{"line":22,"column":4},"end":{"line":32,"column":null}},"12":{"start":{"line":23,"column":6},"end":{"line":31,"column":null}},"13":{"start":{"line":24,"column":8},"end":{"line":24,"column":null}},"14":{"start":{"line":27,"column":8},"end":{"line":27,"column":null}},"15":{"start":{"line":28,"column":8},"end":{"line":30,"column":null}},"16":{"start":{"line":33,"column":4},"end":{"line":33,"column":null}},"17":{"start":{"line":35,"column":4},"end":{"line":50,"column":null}},"18":{"start":{"line":36,"column":6},"end":{"line":36,"column":null}},"19":{"start":{"line":40,"column":6},"end":{"line":42,"column":null}},"20":{"start":{"line":41,"column":8},"end":{"line":41,"column":null}},"21":{"start":{"line":44,"column":6},"end":{"line":49,"column":null}},"22":{"start":{"line":45,"column":23},"end":{"line":46,"column":null}},"23":{"start":{"line":46,"column":16},"end":{"line":46,"column":null}},"24":{"start":{"line":48,"column":8},"end":{"line":48,"column":null}},"25":{"start":{"line":52,"column":19},"end":{"line":52,"column":38}},"26":{"start":{"line":53,"column":23},"end":{"line":53,"column":46}},"27":{"start":{"line":54,"column":2},"end":{"line":70,"column":null}},"28":{"start":{"line":57,"column":4},"end":{"line":57,"column":null}},"29":{"start":{"line":58,"column":4},"end":{"line":58,"column":null}},"30":{"start":{"line":60,"column":4},"end":{"line":60,"column":null}},"31":{"start":{"line":61,"column":4},"end":{"line":61,"column":null}},"32":{"start":{"line":65,"column":4},"end":{"line":65,"column":null}},"33":{"start":{"line":66,"column":4},"end":{"line":66,"column":null}},"34":{"start":{"line":68,"column":4},"end":{"line":68,"column":null}},"35":{"start":{"line":69,"column":4},"end":{"line":69,"column":null}},"36":{"start":{"line":71,"column":2},"end":{"line":71,"column":null}},"37":{"start":{"line":7,"column":0},"end":{"line":7,"column":16}},"38":{"start":{"line":75,"column":2},"end":{"line":83,"column":null}},"39":{"start":{"line":77,"column":4},"end":{"line":77,"column":32}},"40":{"start":{"line":77,"column":26},"end":{"line":77,"column":32}},"41":{"start":{"line":78,"column":4},"end":{"line":78,"column":null}},"42":{"start":{"line":80,"column":4},"end":{"line":82,"column":null}},"43":{"start":{"line":81,"column":6},"end":{"line":81,"column":null}},"44":{"start":{"line":87,"column":2},"end":{"line":93,"column":null}},"45":{"start":{"line":89,"column":4},"end":{"line":89,"column":33}},"46":{"start":{"line":89,"column":27},"end":{"line":89,"column":33}},"47":{"start":{"line":90,"column":4},"end":{"line":90,"column":null}},"48":{"start":{"line":92,"column":4},"end":{"line":92,"column":null}}},"fnMap":{"0":{"name":"handlerSetup","decl":{"start":{"line":7,"column":16},"end":{"line":7,"column":28}},"loc":{"start":{"line":10,"column":21},"end":{"line":72,"column":1}}},"1":{"name":"(anonymous_1)","decl":{"start":{"line":22,"column":35},"end":{"line":22,"column":38}},"loc":{"start":{"line":22,"column":38},"end":{"line":32,"column":5}}},"2":{"name":"initComponentSetData","decl":{"start":{"line":40,"column":46},"end":{"line":40,"column":66}},"loc":{"start":{"line":40,"column":66},"end":{"line":42,"column":7}}},"3":{"name":"(anonymous_3)","decl":{"start":{"line":44,"column":36},"end":{"line":44,"column":null}},"loc":{"start":{"line":44,"column":36},"end":{"line":49,"column":7}}},"4":{"name":"(anonymous_4)","decl":{"start":{"line":46,"column":10},"end":{"line":46,"column":12}},"loc":{"start":{"line":46,"column":12},"end":{"line":46,"column":18}}},"5":{"name":"createWatching","decl":{"start":{"line":74,"column":9},"end":{"line":74,"column":23}},"loc":{"start":{"line":74,"column":43},"end":{"line":84,"column":1}}},"6":{"name":"watching","decl":{"start":{"line":75,"column":18},"end":{"line":75,"column":26}},"loc":{"start":{"line":75,"column":26},"end":{"line":83,"column":3}}},"7":{"name":"(anonymous_7)","decl":{"start":{"line":80,"column":43},"end":{"line":80,"column":null}},"loc":{"start":{"line":80,"column":43},"end":{"line":82,"column":5}}},"8":{"name":"createStopWatching","decl":{"start":{"line":86,"column":9},"end":{"line":86,"column":27}},"loc":{"start":{"line":86,"column":47},"end":{"line":94,"column":1}}},"9":{"name":"stopWatching","decl":{"start":{"line":87,"column":18},"end":{"line":87,"column":30}},"loc":{"start":{"line":87,"column":30},"end":{"line":93,"column":3}}}},"branchMap":{"0":{"loc":{"start":{"line":13,"column":2},"end":{"line":13,"column":11}},"type":"binary-expr","locations":[{"start":{"line":13,"column":2},"end":{"line":13,"column":11}},{"start":{"line":13,"column":16},"end":{"line":13,"column":29}}]},"1":{"loc":{"start":{"line":21,"column":2},"end":{"line":51,"column":null}},"type":"if","locations":[{"start":{"line":21,"column":2},"end":{"line":51,"column":null}},{"start":{"line":21,"column":2},"end":{"line":51,"column":null}}]},"2":{"loc":{"start":{"line":23,"column":6},"end":{"line":31,"column":null}},"type":"if","locations":[{"start":{"line":23,"column":6},"end":{"line":31,"column":null}},{"start":{"line":23,"column":6},"end":{"line":31,"column":null}}]},"3":{"loc":{"start":{"line":29,"column":12},"end":{"line":29,"column":33}},"type":"cond-expr","locations":[{"start":{"line":29,"column":12},"end":{"line":29,"column":33}},{"start":{"line":30,"column":12},"end":{"line":30,"column":33}}]},"4":{"loc":{"start":{"line":35,"column":4},"end":{"line":50,"column":null}},"type":"if","locations":[{"start":{"line":35,"column":4},"end":{"line":50,"column":null}},{"start":{"line":35,"column":4},"end":{"line":50,"column":null}}]},"5":{"loc":{"start":{"line":54,"column":2},"end":{"line":70,"column":null}},"type":"if","locations":[{"start":{"line":54,"column":2},"end":{"line":70,"column":null}},{"start":{"line":54,"column":2},"end":{"line":70,"column":null}}]},"6":{"loc":{"start":{"line":77,"column":4},"end":{"line":77,"column":32}},"type":"if","locations":[{"start":{"line":77,"column":4},"end":{"line":77,"column":32}},{"start":{"line":77,"column":4},"end":{"line":77,"column":32}}]},"7":{"loc":{"start":{"line":89,"column":4},"end":{"line":89,"column":33}},"type":"if","locations":[{"start":{"line":89,"column":4},"end":{"line":89,"column":33}},{"start":{"line":89,"column":4},"end":{"line":89,"column":33}}]}},"s":{"0":3,"1":3,"2":3,"3":3,"4":14,"5":14,"6":14,"7":14,"8":14,"9":14,"10":14,"11":13,"12":19,"13":2,"14":17,"15":17,"16":13,"17":13,"18":10,"19":3,"20":3,"21":3,"22":3,"23":6,"24":3,"25":14,"26":14,"27":14,"28":11,"29":11,"30":11,"31":11,"32":3,"33":3,"34":3,"35":3,"36":14,"37":3,"38":14,"39":19,"40":5,"41":14,"42":14,"43":0,"44":14,"45":10,"46":7,"47":3,"48":3},"f":{"0":14,"1":19,"2":3,"3":3,"4":6,"5":14,"6":19,"7":0,"8":14,"9":10},"b":{"0":[14,10],"1":[13,1],"2":[2,17],"3":[4,13],"4":[10,3],"5":[11,3],"6":[5,14],"7":[7,3]}}
,"/Users/lay/docker/web/gitlab/enhance-weapp/src/setDataEffect.ts": {"path":"/Users/lay/docker/web/gitlab/enhance-weapp/src/setDataEffect.ts","statementMap":{"0":{"start":{"line":1,"column":0},"end":{"line":1,"column":64}},"1":{"start":{"line":2,"column":0},"end":{"line":2,"column":37}},"2":{"start":{"line":5,"column":45},"end":{"line":5,"column":54}},"3":{"start":{"line":7,"column":17},"end":{"line":7,"column":22}},"4":{"start":{"line":10,"column":2},"end":{"line":13,"column":null}},"5":{"start":{"line":11,"column":4},"end":{"line":11,"column":null}},"6":{"start":{"line":12,"column":4},"end":{"line":12,"column":null}},"7":{"start":{"line":9,"column":0},"end":{"line":9,"column":16}},"8":{"start":{"line":17,"column":2},"end":{"line":20,"column":null}},"9":{"start":{"line":18,"column":4},"end":{"line":18,"column":null}},"10":{"start":{"line":19,"column":4},"end":{"line":19,"column":null}},"11":{"start":{"line":24,"column":2},"end":{"line":32,"column":null}},"12":{"start":{"line":25,"column":16},"end":{"line":25,"column":52}},"13":{"start":{"line":26,"column":4},"end":{"line":26,"column":null}},"14":{"start":{"line":26,"column":14},"end":{"line":26,"column":null}},"15":{"start":{"line":27,"column":4},"end":{"line":27,"column":null}},"16":{"start":{"line":29,"column":4},"end":{"line":31,"column":null}},"17":{"start":{"line":30,"column":6},"end":{"line":30,"column":null}},"18":{"start":{"line":33,"column":2},"end":{"line":33,"column":null}},"19":{"start":{"line":34,"column":2},"end":{"line":34,"column":null}},"20":{"start":{"line":39,"column":16},"end":{"line":39,"column":47}},"21":{"start":{"line":39,"column":33},"end":{"line":39,"column":47}},"22":{"start":{"line":40,"column":2},"end":{"line":40,"column":null}},"23":{"start":{"line":41,"column":2},"end":{"line":43,"column":null}},"24":{"start":{"line":42,"column":4},"end":{"line":42,"column":null}},"25":{"start":{"line":44,"column":2},"end":{"line":44,"column":null}},"26":{"start":{"line":37,"column":0},"end":{"line":37,"column":16}}},"fnMap":{"0":{"name":"setDataQueueJob","decl":{"start":{"line":9,"column":16},"end":{"line":9,"column":31}},"loc":{"start":{"line":9,"column":51},"end":{"line":14,"column":1}}},"1":{"name":"setDataQueueFlush","decl":{"start":{"line":16,"column":9},"end":{"line":16,"column":26}},"loc":{"start":{"line":16,"column":26},"end":{"line":21,"column":1}}},"2":{"name":"flushSetDataJobs","decl":{"start":{"line":23,"column":9},"end":{"line":23,"column":25}},"loc":{"start":{"line":23,"column":25},"end":{"line":35,"column":1}}},"3":{"name":"(anonymous_3)","decl":{"start":{"line":24,"column":26},"end":{"line":24,"column":29}},"loc":{"start":{"line":24,"column":29},"end":{"line":32,"column":3}}},"4":{"name":"(anonymous_4)","decl":{"start":{"line":29,"column":21},"end":{"line":29,"column":null}},"loc":{"start":{"line":29,"column":21},"end":{"line":31,"column":5}}},"5":{"name":"setDataNextTick","decl":{"start":{"line":37,"column":16},"end":{"line":37,"column":31}},"loc":{"start":{"line":37,"column":72},"end":{"line":45,"column":1}}},"6":{"name":"(anonymous_6)","decl":{"start":{"line":39,"column":28},"end":{"line":39,"column":29}},"loc":{"start":{"line":39,"column":29},"end":{"line":39,"column":34}}}},"branchMap":{"0":{"loc":{"start":{"line":10,"column":2},"end":{"line":13,"column":null}},"type":"if","locations":[{"start":{"line":10,"column":2},"end":{"line":13,"column":null}},{"start":{"line":10,"column":2},"end":{"line":13,"column":null}}]},"1":{"loc":{"start":{"line":17,"column":2},"end":{"line":20,"column":null}},"type":"if","locations":[{"start":{"line":17,"column":2},"end":{"line":20,"column":null}},{"start":{"line":17,"column":2},"end":{"line":20,"column":null}}]},"2":{"loc":{"start":{"line":26,"column":4},"end":{"line":26,"column":null}},"type":"if","locations":[{"start":{"line":26,"column":4},"end":{"line":26,"column":null}},{"start":{"line":26,"column":4},"end":{"line":26,"column":null}}]},"3":{"loc":{"start":{"line":41,"column":2},"end":{"line":43,"column":null}},"type":"if","locations":[{"start":{"line":41,"column":2},"end":{"line":43,"column":null}},{"start":{"line":41,"column":2},"end":{"line":43,"column":null}}]}},"s":{"0":3,"1":3,"2":3,"3":3,"4":8,"5":7,"6":7,"7":3,"8":7,"9":6,"10":6,"11":6,"12":7,"13":7,"14":1,"15":6,"16":6,"17":3,"18":6,"19":6,"20":7,"21":7,"22":7,"23":7,"24":4,"25":7,"26":3},"f":{"0":8,"1":7,"2":6,"3":7,"4":3,"5":7,"6":7},"b":{"0":[7,1],"1":[6,1],"2":[1,6],"3":[4,3]}}
}
