{"/Users/lay/docker/web/gitlab/enhance-weapp/src/Eapp.ts": {"path":"/Users/lay/docker/web/gitlab/enhance-weapp/src/Eapp.ts","statementMap":{"0":{"start":{"line":1,"column":0},"end":{"line":1,"column":48}},"1":{"start":{"line":3,"column":13},"end":{"line":6,"column":null}},"2":{"start":{"line":4,"column":2},"end":{"line":4,"column":null}},"3":{"start":{"line":5,"column":2},"end":{"line":5,"column":null}}},"fnMap":{"0":{"name":"(anonymous_0)","decl":{"start":{"line":3,"column":28},"end":{"line":3,"column":35}},"loc":{"start":{"line":3,"column":35},"end":{"line":6,"column":1}}}},"branchMap":{},"s":{"0":1,"1":1,"2":5,"3":5},"f":{"0":5},"b":{}}
,"/Users/lay/docker/web/gitlab/enhance-weapp/src/Ecomponent.ts": {"path":"/Users/lay/docker/web/gitlab/enhance-weapp/src/Ecomponent.ts","statementMap":{"0":{"start":{"line":1,"column":0},"end":{"line":1,"column":48}},"1":{"start":{"line":3,"column":13},"end":{"line":6,"column":null}},"2":{"start":{"line":4,"column":2},"end":{"line":4,"column":null}},"3":{"start":{"line":5,"column":2},"end":{"line":5,"column":null}}},"fnMap":{"0":{"name":"(anonymous_0)","decl":{"start":{"line":3,"column":40},"end":{"line":3,"column":47}},"loc":{"start":{"line":3,"column":47},"end":{"line":6,"column":1}}}},"branchMap":{},"s":{"0":1,"1":1,"2":8,"3":8},"f":{"0":8},"b":{}}
,"/Users/lay/docker/web/gitlab/enhance-weapp/src/Epage.ts": {"path":"/Users/lay/docker/web/gitlab/enhance-weapp/src/Epage.ts","statementMap":{"0":{"start":{"line":1,"column":0},"end":{"line":1,"column":48}},"1":{"start":{"line":3,"column":13},"end":{"line":6,"column":null}},"2":{"start":{"line":4,"column":2},"end":{"line":4,"column":null}},"3":{"start":{"line":5,"column":2},"end":{"line":5,"column":null}}},"fnMap":{"0":{"name":"(anonymous_0)","decl":{"start":{"line":3,"column":30},"end":{"line":3,"column":37}},"loc":{"start":{"line":3,"column":37},"end":{"line":6,"column":1}}}},"branchMap":{},"s":{"0":2,"1":2,"2":16,"3":16},"f":{"0":16},"b":{}}
,"/Users/lay/docker/web/gitlab/enhance-weapp/src/diffData.ts": {"path":"/Users/lay/docker/web/gitlab/enhance-weapp/src/diffData.ts","statementMap":{"0":{"start":{"line":1,"column":0},"end":{"line":1,"column":75}},"1":{"start":{"line":23,"column":41},"end":{"line":23,"column":45}},"2":{"start":{"line":26,"column":31},"end":{"line":26,"column":33}},"3":{"start":{"line":28,"column":24},"end":{"line":32,"column":3}},"4":{"start":{"line":29,"column":4},"end":{"line":29,"column":null}},"5":{"start":{"line":31,"column":4},"end":{"line":31,"column":null}},"6":{"start":{"line":36,"column":2},"end":{"line":36,"column":null}},"7":{"start":{"line":38,"column":22},"end":{"line":38,"column":46}},"8":{"start":{"line":40,"column":22},"end":{"line":40,"column":46}},"9":{"start":{"line":41,"column":2},"end":{"line":51,"column":null}},"10":{"start":{"line":43,"column":21},"end":{"line":43,"column":58}},"11":{"start":{"line":43,"column":48},"end":{"line":43,"column":58}},"12":{"start":{"line":45,"column":4},"end":{"line":45,"column":null}},"13":{"start":{"line":47,"column":4},"end":{"line":50,"column":null}},"14":{"start":{"line":49,"column":6},"end":{"line":49,"column":null}},"15":{"start":{"line":53,"column":2},"end":{"line":58,"column":null}},"16":{"start":{"line":54,"column":4},"end":{"line":57,"column":null}},"17":{"start":{"line":56,"column":6},"end":{"line":56,"column":null}},"18":{"start":{"line":63,"column":42},"end":{"line":63,"column":60}},"19":{"start":{"line":63,"column":18},"end":{"line":63,"column":20}},"20":{"start":{"line":63,"column":29},"end":{"line":63,"column":31}},"21":{"start":{"line":63,"column":38},"end":{"line":63,"column":42}},"22":{"start":{"line":66,"column":20},"end":{"line":66,"column":41}},"23":{"start":{"line":69,"column":4},"end":{"line":71,"column":null}},"24":{"start":{"line":74,"column":20},"end":{"line":74,"column":36}},"25":{"start":{"line":76,"column":20},"end":{"line":76,"column":36}},"26":{"start":{"line":79,"column":4},"end":{"line":82,"column":null}},"27":{"start":{"line":80,"column":6},"end":{"line":80,"column":null}},"28":{"start":{"line":85,"column":4},"end":{"line":89,"column":null}},"29":{"start":{"line":87,"column":6},"end":{"line":87,"column":null}},"30":{"start":{"line":92,"column":4},"end":{"line":104,"column":null}},"31":{"start":{"line":95,"column":6},"end":{"line":98,"column":null}},"32":{"start":{"line":96,"column":8},"end":{"line":96,"column":null}},"33":{"start":{"line":100,"column":6},"end":{"line":102,"column":null}},"34":{"start":{"line":100,"column":19},"end":{"line":100,"column":20}},"35":{"start":{"line":100,"column":26},"end":{"line":100,"column":40}},"36":{"start":{"line":101,"column":8},"end":{"line":101,"column":null}},"37":{"start":{"line":108,"column":20},"end":{"line":108,"column":40}},"38":{"start":{"line":110,"column":20},"end":{"line":110,"column":40}},"39":{"start":{"line":112,"column":4},"end":{"line":115,"column":null}},"40":{"start":{"line":113,"column":6},"end":{"line":113,"column":null}},"41":{"start":{"line":122,"column":33},"end":{"line":122,"column":35}},"42":{"start":{"line":125,"column":18},"end":{"line":125,"column":28}},"43":{"start":{"line":127,"column":23},"end":{"line":127,"column":56}},"44":{"start":{"line":127,"column":46},"end":{"line":127,"column":56}},"45":{"start":{"line":133,"column":6},"end":{"line":137,"column":null}},"46":{"start":{"line":134,"column":8},"end":{"line":134,"column":null}},"47":{"start":{"line":139,"column":6},"end":{"line":139,"column":null}},"48":{"start":{"line":140,"column":6},"end":{"line":140,"column":null}},"49":{"start":{"line":123,"column":4},"end":{"line":141,"column":null}},"50":{"start":{"line":123,"column":17},"end":{"line":123,"column":18}},"51":{"start":{"line":123,"column":24},"end":{"line":123,"column":38}},"52":{"start":{"line":123,"column":13},"end":{"line":123,"column":24}},"53":{"start":{"line":143,"column":4},"end":{"line":147,"column":null}},"54":{"start":{"line":144,"column":6},"end":{"line":146,"column":null}},"55":{"start":{"line":145,"column":8},"end":{"line":145,"column":null}},"56":{"start":{"line":148,"column":4},"end":{"line":151,"column":null}},"57":{"start":{"line":150,"column":6},"end":{"line":150,"column":34}},"58":{"start":{"line":62,"column":2},"end":{"line":152,"column":null}},"59":{"start":{"line":62,"column":17},"end":{"line":152,"column":null}},"60":{"start":{"line":153,"column":2},"end":{"line":153,"column":null}},"61":{"start":{"line":18,"column":0},"end":{"line":18,"column":16}}},"fnMap":{"0":{"name":"diffData","decl":{"start":{"line":18,"column":16},"end":{"line":18,"column":24}},"loc":{"start":{"line":20,"column":26},"end":{"line":154,"column":1}}},"1":{"name":"(anonymous_1)","decl":{"start":{"line":28,"column":24},"end":{"line":28,"column":25}},"loc":{"start":{"line":28,"column":46},"end":{"line":32,"column":3}}},"2":{"name":"(anonymous_2)","decl":{"start":{"line":41,"column":22},"end":{"line":41,"column":25}},"loc":{"start":{"line":41,"column":25},"end":{"line":51,"column":3}}},"3":{"name":"(anonymous_3)","decl":{"start":{"line":43,"column":43},"end":{"line":43,"column":44}},"loc":{"start":{"line":43,"column":44},"end":{"line":43,"column":49}}},"4":{"name":"(anonymous_4)","decl":{"start":{"line":54,"column":24},"end":{"line":54,"column":27}},"loc":{"start":{"line":54,"column":27},"end":{"line":57,"column":5}}},"5":{"name":"(anonymous_7)","decl":{"start":{"line":127,"column":41},"end":{"line":127,"column":42}},"loc":{"start":{"line":127,"column":42},"end":{"line":127,"column":47}}},"6":{"name":"(anonymous_8)","decl":{"start":{"line":144,"column":22},"end":{"line":144,"column":25}},"loc":{"start":{"line":144,"column":25},"end":{"line":146,"column":7}}}},"branchMap":{"0":{"loc":{"start":{"line":29,"column":4},"end":{"line":29,"column":17}},"type":"binary-expr","locations":[{"start":{"line":29,"column":4},"end":{"line":29,"column":17}},{"start":{"line":29,"column":22},"end":{"line":29,"column":39}}]},"1":{"loc":{"start":{"line":31,"column":43},"end":{"line":31,"column":46}},"type":"cond-expr","locations":[{"start":{"line":31,"column":43},"end":{"line":31,"column":46}},{"start":{"line":31,"column":49},"end":{"line":31,"column":70}}]},"2":{"loc":{"start":{"line":45,"column":4},"end":{"line":45,"column":17}},"type":"binary-expr","locations":[{"start":{"line":45,"column":4},"end":{"line":45,"column":17}},{"start":{"line":45,"column":21},"end":{"line":45,"column":52}}]},"3":{"loc":{"start":{"line":47,"column":4},"end":{"line":50,"column":null}},"type":"if","locations":[{"start":{"line":47,"column":4},"end":{"line":50,"column":null}},{"start":{"line":47,"column":4},"end":{"line":50,"column":null}}]},"4":{"loc":{"start":{"line":53,"column":2},"end":{"line":58,"column":null}},"type":"if","locations":[{"start":{"line":53,"column":2},"end":{"line":58,"column":null}},{"start":{"line":53,"column":2},"end":{"line":58,"column":null}}]},"5":{"loc":{"start":{"line":69,"column":4},"end":{"line":71,"column":null}},"type":"if","locations":[{"start":{"line":69,"column":4},"end":{"line":71,"column":null}},{"start":{"line":69,"column":4},"end":{"line":71,"column":null}}]},"6":{"loc":{"start":{"line":79,"column":4},"end":{"line":82,"column":null}},"type":"if","locations":[{"start":{"line":79,"column":4},"end":{"line":82,"column":null}},{"start":{"line":79,"column":4},"end":{"line":82,"column":null}}]},"7":{"loc":{"start":{"line":85,"column":4},"end":{"line":89,"column":null}},"type":"if","locations":[{"start":{"line":85,"column":4},"end":{"line":89,"column":null}},{"start":{"line":85,"column":4},"end":{"line":89,"column":null}}]},"8":{"loc":{"start":{"line":85,"column":8},"end":{"line":85,"column":28}},"type":"binary-expr","locations":[{"start":{"line":85,"column":8},"end":{"line":85,"column":28}},{"start":{"line":85,"column":32},"end":{"line":85,"column":51}}]},"9":{"loc":{"start":{"line":92,"column":4},"end":{"line":104,"column":null}},"type":"if","locations":[{"start":{"line":92,"column":4},"end":{"line":104,"column":null}},{"start":{"line":92,"column":4},"end":{"line":104,"column":null}}]},"10":{"loc":{"start":{"line":95,"column":6},"end":{"line":98,"column":null}},"type":"if","locations":[{"start":{"line":95,"column":6},"end":{"line":98,"column":null}},{"start":{"line":95,"column":6},"end":{"line":98,"column":null}}]},"11":{"loc":{"start":{"line":112,"column":4},"end":{"line":115,"column":null}},"type":"if","locations":[{"start":{"line":112,"column":4},"end":{"line":115,"column":null}},{"start":{"line":112,"column":4},"end":{"line":115,"column":null}}]},"12":{"loc":{"start":{"line":133,"column":6},"end":{"line":137,"column":null}},"type":"if","locations":[{"start":{"line":133,"column":6},"end":{"line":137,"column":null}},{"start":{"line":133,"column":6},"end":{"line":137,"column":null}}]},"13":{"loc":{"start":{"line":143,"column":4},"end":{"line":147,"column":null}},"type":"if","locations":[{"start":{"line":143,"column":4},"end":{"line":147,"column":null}},{"start":{"line":143,"column":4},"end":{"line":147,"column":null}}]},"14":{"loc":{"start":{"line":148,"column":4},"end":{"line":151,"column":null}},"type":"if","locations":[{"start":{"line":148,"column":4},"end":{"line":151,"column":null}},{"start":{"line":148,"column":4},"end":{"line":151,"column":null}}]}},"s":{"0":4,"1":18,"2":18,"3":18,"4":20,"5":20,"6":18,"7":18,"8":18,"9":18,"10":22,"11":21,"12":22,"13":22,"14":21,"15":18,"16":1,"17":1,"18":51,"19":51,"20":51,"21":51,"22":51,"23":51,"24":35,"25":35,"26":35,"27":1,"28":34,"29":14,"30":20,"31":7,"32":1,"33":6,"34":6,"35":6,"36":15,"37":13,"38":13,"39":13,"40":1,"41":12,"42":18,"43":18,"44":18,"45":18,"46":1,"47":17,"48":17,"49":12,"50":12,"51":12,"52":18,"53":11,"54":1,"55":1,"56":11,"57":10,"58":18,"59":18,"60":18,"61":4},"f":{"0":18,"1":20,"2":22,"3":21,"4":1,"5":18,"6":1},"b":{"0":[20,15],"1":[17,3],"2":[22,21],"3":[21,1],"4":[1,17],"5":[16,35],"6":[1,34],"7":[14,20],"8":[34,21],"9":[7,13],"10":[1,6],"11":[1,12],"12":[1,17],"13":[1,10],"14":[10,1]}}
,"/Users/lay/docker/web/gitlab/enhance-weapp/src/events.ts": {"path":"/Users/lay/docker/web/gitlab/enhance-weapp/src/events.ts","statementMap":{"0":{"start":{"line":1,"column":0},"end":{"line":1,"column":75}},"1":{"start":{"line":3,"column":27},"end":{"line":3,"column":null}},"2":{"start":{"line":4,"column":2},"end":{"line":4,"column":null}},"3":{"start":{"line":6,"column":2},"end":{"line":14,"column":null}},"4":{"start":{"line":10,"column":4},"end":{"line":10,"column":null}},"5":{"start":{"line":10,"column":31},"end":{"line":10,"column":null}},"6":{"start":{"line":11,"column":4},"end":{"line":13,"column":null}},"7":{"start":{"line":12,"column":6},"end":{"line":12,"column":null}},"8":{"start":{"line":16,"column":2},"end":{"line":25,"column":null}},"9":{"start":{"line":20,"column":4},"end":{"line":20,"column":null}},"10":{"start":{"line":20,"column":31},"end":{"line":20,"column":null}},"11":{"start":{"line":21,"column":4},"end":{"line":24,"column":null}},"12":{"start":{"line":22,"column":6},"end":{"line":22,"column":null}},"13":{"start":{"line":23,"column":6},"end":{"line":23,"column":null}},"14":{"start":{"line":27,"column":2},"end":{"line":41,"column":null}},"15":{"start":{"line":29,"column":4},"end":{"line":29,"column":18}},"16":{"start":{"line":31,"column":4},"end":{"line":40,"column":null}},"17":{"start":{"line":32,"column":6},"end":{"line":39,"column":null}},"18":{"start":{"line":32,"column":19},"end":{"line":32,"column":20}},"19":{"start":{"line":33,"column":19},"end":{"line":33,"column":43}},"20":{"start":{"line":34,"column":8},"end":{"line":34,"column":29}},"21":{"start":{"line":35,"column":8},"end":{"line":38,"column":null}},"22":{"start":{"line":36,"column":10},"end":{"line":36,"column":null}},"23":{"start":{"line":37,"column":10},"end":{"line":37,"column":null}},"24":{"start":{"line":43,"column":2},"end":{"line":57,"column":null}},"25":{"start":{"line":48,"column":4},"end":{"line":56,"column":null}},"26":{"start":{"line":51,"column":8},"end":{"line":52,"column":72}},"27":{"start":{"line":52,"column":62},"end":{"line":52,"column":72}},"28":{"start":{"line":53,"column":6},"end":{"line":55,"column":null}},"29":{"start":{"line":54,"column":8},"end":{"line":54,"column":null}},"30":{"start":{"line":58,"column":2},"end":{"line":58,"column":null}},"31":{"start":{"line":3,"column":0},"end":{"line":3,"column":16}}},"fnMap":{"0":{"name":"initEvents","decl":{"start":{"line":3,"column":16},"end":{"line":3,"column":26}},"loc":{"start":{"line":3,"column":48},"end":{"line":59,"column":1}}},"1":{"name":"events$on","decl":{"start":{"line":6,"column":42},"end":{"line":6,"column":51}},"loc":{"start":{"line":8,"column":21},"end":{"line":14,"column":3}}},"2":{"name":"events$once","decl":{"start":{"line":16,"column":44},"end":{"line":16,"column":55}},"loc":{"start":{"line":18,"column":21},"end":{"line":25,"column":3}}},"3":{"name":"events$emit","decl":{"start":{"line":27,"column":44},"end":{"line":27,"column":55}},"loc":{"start":{"line":28,"column":16},"end":{"line":41,"column":3}}},"4":{"name":"events$off","decl":{"start":{"line":43,"column":43},"end":{"line":43,"column":53}},"loc":{"start":{"line":46,"column":29},"end":{"line":57,"column":3}}},"5":{"name":"(anonymous_6)","decl":{"start":{"line":52,"column":39},"end":{"line":52,"column":40}},"loc":{"start":{"line":52,"column":57},"end":{"line":52,"column":64}}}},"branchMap":{"0":{"loc":{"start":{"line":3,"column":27},"end":{"line":3,"column":null}},"type":"if","locations":[{"start":{"line":3,"column":27},"end":{"line":3,"column":null}},{"start":{"line":3,"column":27},"end":{"line":3,"column":null}}]},"1":{"loc":{"start":{"line":10,"column":4},"end":{"line":10,"column":null}},"type":"if","locations":[{"start":{"line":10,"column":4},"end":{"line":10,"column":null}},{"start":{"line":10,"column":4},"end":{"line":10,"column":null}}]},"2":{"loc":{"start":{"line":11,"column":4},"end":{"line":13,"column":null}},"type":"if","locations":[{"start":{"line":11,"column":4},"end":{"line":13,"column":null}},{"start":{"line":11,"column":4},"end":{"line":13,"column":null}}]},"3":{"loc":{"start":{"line":20,"column":4},"end":{"line":20,"column":null}},"type":"if","locations":[{"start":{"line":20,"column":4},"end":{"line":20,"column":null}},{"start":{"line":20,"column":4},"end":{"line":20,"column":null}}]},"4":{"loc":{"start":{"line":21,"column":4},"end":{"line":24,"column":null}},"type":"if","locations":[{"start":{"line":21,"column":4},"end":{"line":24,"column":null}},{"start":{"line":21,"column":4},"end":{"line":24,"column":null}}]},"5":{"loc":{"start":{"line":31,"column":4},"end":{"line":40,"column":null}},"type":"if","locations":[{"start":{"line":31,"column":4},"end":{"line":40,"column":null}},{"start":{"line":31,"column":4},"end":{"line":40,"column":null}}]},"6":{"loc":{"start":{"line":31,"column":28},"end":{"line":31,"column":30}},"type":"cond-expr","locations":[{"start":{"line":31,"column":28},"end":{"line":31,"column":30}},{"start":{"line":31,"column":28},"end":{"line":31,"column":36}}]},"7":{"loc":{"start":{"line":31,"column":4},"end":{"line":31,"column":30}},"type":"binary-expr","locations":[{"start":{"line":31,"column":4},"end":{"line":31,"column":30}},{"start":{"line":31,"column":28},"end":{"line":31,"column":30}}]},"8":{"loc":{"start":{"line":35,"column":8},"end":{"line":38,"column":null}},"type":"if","locations":[{"start":{"line":35,"column":8},"end":{"line":38,"column":null}},{"start":{"line":35,"column":8},"end":{"line":38,"column":null}}]},"9":{"loc":{"start":{"line":48,"column":4},"end":{"line":56,"column":null}},"type":"if","locations":[{"start":{"line":48,"column":4},"end":{"line":56,"column":null}},{"start":{"line":48,"column":4},"end":{"line":56,"column":null}}]},"10":{"loc":{"start":{"line":48,"column":28},"end":{"line":48,"column":30}},"type":"cond-expr","locations":[{"start":{"line":48,"column":28},"end":{"line":48,"column":30}},{"start":{"line":48,"column":28},"end":{"line":48,"column":36}}]},"11":{"loc":{"start":{"line":48,"column":4},"end":{"line":48,"column":30}},"type":"binary-expr","locations":[{"start":{"line":48,"column":4},"end":{"line":48,"column":30}},{"start":{"line":48,"column":28},"end":{"line":48,"column":30}}]},"12":{"loc":{"start":{"line":51,"column":8},"end":{"line":51,"column":24}},"type":"binary-expr","locations":[{"start":{"line":51,"column":8},"end":{"line":51,"column":24}},{"start":{"line":52,"column":8},"end":{"line":52,"column":72}}]},"13":{"loc":{"start":{"line":53,"column":6},"end":{"line":55,"column":null}},"type":"if","locations":[{"start":{"line":53,"column":6},"end":{"line":55,"column":null}},{"start":{"line":53,"column":6},"end":{"line":55,"column":null}}]}},"s":{"0":4,"1":44,"2":37,"3":37,"4":35,"5":31,"6":35,"7":34,"8":37,"9":52,"10":27,"11":52,"12":51,"13":51,"14":37,"15":2408,"16":806,"17":30,"18":30,"19":46,"20":46,"21":46,"22":28,"23":28,"24":37,"25":31,"26":30,"27":30,"28":30,"29":29,"30":37,"31":4},"f":{"0":37,"1":35,"2":52,"3":806,"4":31,"5":30},"b":{"0":[7,30],"1":[31,4],"2":[34,1],"3":[27,25],"4":[51,1],"5":[30,776],"6":[764,42],"7":[806,806],"8":[28,18],"9":[30,1],"10":[1,30],"11":[31,31],"12":[30,29],"13":[29,1]}}
,"/Users/lay/docker/web/gitlab/enhance-weapp/src/lifecycle.ts": {"path":"/Users/lay/docker/web/gitlab/enhance-weapp/src/lifecycle.ts","statementMap":{"0":{"start":{"line":1,"column":0},"end":{"line":1,"column":null}},"1":{"start":{"line":8,"column":0},"end":{"line":8,"column":37}},"2":{"start":{"line":9,"column":0},"end":{"line":9,"column":40}},"3":{"start":{"line":10,"column":0},"end":{"line":10,"column":41}},"4":{"start":{"line":11,"column":0},"end":{"line":11,"column":49}},"5":{"start":{"line":14,"column":25},"end":{"line":14,"column":29}},"6":{"start":{"line":16,"column":13},"end":{"line":18,"column":null}},"7":{"start":{"line":17,"column":2},"end":{"line":17,"column":null}},"8":{"start":{"line":20,"column":43},"end":{"line":101,"column":1}},"9":{"start":{"line":21,"column":6},"end":{"line":21,"column":null}},"10":{"start":{"line":22,"column":6},"end":{"line":22,"column":null}},"11":{"start":{"line":23,"column":5},"end":{"line":23,"column":null}},"12":{"start":{"line":24,"column":12},"end":{"line":24,"column":null}},"13":{"start":{"line":25,"column":10},"end":{"line":25,"column":null}},"14":{"start":{"line":26,"column":13},"end":{"line":26,"column":null}},"15":{"start":{"line":45,"column":2},"end":{"line":100,"column":null}},"16":{"start":{"line":46,"column":4},"end":{"line":55,"column":null}},"17":{"start":{"line":48,"column":6},"end":{"line":48,"column":null}},"18":{"start":{"line":49,"column":11},"end":{"line":55,"column":null}},"19":{"start":{"line":51,"column":6},"end":{"line":51,"column":null}},"20":{"start":{"line":54,"column":6},"end":{"line":54,"column":null}},"21":{"start":{"line":56,"column":9},"end":{"line":100,"column":null}},"22":{"start":{"line":57,"column":4},"end":{"line":85,"column":null}},"23":{"start":{"line":59,"column":6},"end":{"line":64,"column":null}},"24":{"start":{"line":61,"column":8},"end":{"line":61,"column":null}},"25":{"start":{"line":63,"column":8},"end":{"line":63,"column":null}},"26":{"start":{"line":65,"column":11},"end":{"line":85,"column":null}},"27":{"start":{"line":69,"column":6},"end":{"line":77,"column":null}},"28":{"start":{"line":78,"column":6},"end":{"line":78,"column":12}},"29":{"start":{"line":79,"column":11},"end":{"line":85,"column":null}},"30":{"start":{"line":81,"column":6},"end":{"line":81,"column":null}},"31":{"start":{"line":84,"column":6},"end":{"line":84,"column":null}},"32":{"start":{"line":86,"column":9},"end":{"line":100,"column":null}},"33":{"start":{"line":87,"column":4},"end":{"line":99,"column":null}},"34":{"start":{"line":89,"column":6},"end":{"line":89,"column":null}},"35":{"start":{"line":90,"column":11},"end":{"line":99,"column":null}},"36":{"start":{"line":92,"column":6},"end":{"line":92,"column":null}},"37":{"start":{"line":93,"column":11},"end":{"line":99,"column":null}},"38":{"start":{"line":95,"column":6},"end":{"line":95,"column":null}},"39":{"start":{"line":98,"column":6},"end":{"line":98,"column":null}},"40":{"start":{"line":103,"column":13},"end":{"line":105,"column":null}},"41":{"start":{"line":104,"column":2},"end":{"line":104,"column":null}},"42":{"start":{"line":108,"column":19},"end":{"line":108,"column":31}},"43":{"start":{"line":111,"column":13},"end":{"line":146,"column":null}},"44":{"start":{"line":154,"column":2},"end":{"line":154,"column":null}},"45":{"start":{"line":155,"column":2},"end":{"line":155,"column":null}},"46":{"start":{"line":158,"column":2},"end":{"line":166,"column":null}},"47":{"start":{"line":160,"column":4},"end":{"line":160,"column":null}},"48":{"start":{"line":162,"column":4},"end":{"line":162,"column":null}},"49":{"start":{"line":164,"column":4},"end":{"line":164,"column":null}},"50":{"start":{"line":165,"column":4},"end":{"line":165,"column":null}},"51":{"start":{"line":169,"column":24},"end":{"line":169,"column":50}},"52":{"start":{"line":172,"column":2},"end":{"line":330,"column":null}},"53":{"start":{"line":174,"column":21},"end":{"line":174,"column":49}},"54":{"start":{"line":178,"column":6},"end":{"line":182,"column":17}},"55":{"start":{"line":186,"column":6},"end":{"line":189,"column":32}},"56":{"start":{"line":192,"column":4},"end":{"line":329,"column":null}},"57":{"start":{"line":192,"column":29},"end":{"line":192,"column":38}},"58":{"start":{"line":194,"column":6},"end":{"line":240,"column":null}},"59":{"start":{"line":196,"column":8},"end":{"line":196,"column":null}},"60":{"start":{"line":198,"column":8},"end":{"line":198,"column":null}},"61":{"start":{"line":200,"column":8},"end":{"line":200,"column":null}},"62":{"start":{"line":203,"column":8},"end":{"line":226,"column":null}},"63":{"start":{"line":204,"column":10},"end":{"line":208,"column":null}},"64":{"start":{"line":205,"column":12},"end":{"line":207,"column":null}},"65":{"start":{"line":209,"column":15},"end":{"line":226,"column":null}},"66":{"start":{"line":210,"column":10},"end":{"line":214,"column":null}},"67":{"start":{"line":211,"column":12},"end":{"line":213,"column":null}},"68":{"start":{"line":215,"column":10},"end":{"line":221,"column":null}},"69":{"start":{"line":216,"column":12},"end":{"line":220,"column":null}},"70":{"start":{"line":217,"column":14},"end":{"line":219,"column":null}},"71":{"start":{"line":223,"column":10},"end":{"line":225,"column":null}},"72":{"start":{"line":224,"column":12},"end":{"line":224,"column":null}},"73":{"start":{"line":229,"column":8},"end":{"line":239,"column":null}},"74":{"start":{"line":231,"column":10},"end":{"line":238,"column":null}},"75":{"start":{"line":233,"column":12},"end":{"line":233,"column":null}},"76":{"start":{"line":235,"column":12},"end":{"line":235,"column":null}},"77":{"start":{"line":236,"column":12},"end":{"line":236,"column":null}},"78":{"start":{"line":237,"column":12},"end":{"line":237,"column":null}},"79":{"start":{"line":243,"column":6},"end":{"line":263,"column":null}},"80":{"start":{"line":245,"column":8},"end":{"line":245,"column":null}},"81":{"start":{"line":245,"column":39},"end":{"line":245,"column":null}},"82":{"start":{"line":246,"column":8},"end":{"line":246,"column":null}},"83":{"start":{"line":247,"column":8},"end":{"line":261,"column":null}},"84":{"start":{"line":248,"column":10},"end":{"line":260,"column":null}},"85":{"start":{"line":251,"column":12},"end":{"line":259,"column":null}},"86":{"start":{"line":252,"column":14},"end":{"line":252,"column":null}},"87":{"start":{"line":253,"column":19},"end":{"line":259,"column":null}},"88":{"start":{"line":254,"column":14},"end":{"line":254,"column":null}},"89":{"start":{"line":257,"column":29},"end":{"line":257,"column":50}},"90":{"start":{"line":258,"column":14},"end":{"line":258,"column":null}},"91":{"start":{"line":262,"column":8},"end":{"line":262,"column":null}},"92":{"start":{"line":266,"column":26},"end":{"line":306,"column":7}},"93":{"start":{"line":268,"column":24},"end":{"line":277,"column":9}},"94":{"start":{"line":269,"column":10},"end":{"line":269,"column":null}},"95":{"start":{"line":270,"column":10},"end":{"line":270,"column":null}},"96":{"start":{"line":272,"column":10},"end":{"line":272,"column":null}},"97":{"start":{"line":273,"column":10},"end":{"line":273,"column":null}},"98":{"start":{"line":275,"column":10},"end":{"line":275,"column":null}},"99":{"start":{"line":276,"column":10},"end":{"line":276,"column":null}},"100":{"start":{"line":279,"column":23},"end":{"line":290,"column":9}},"101":{"start":{"line":280,"column":10},"end":{"line":280,"column":null}},"102":{"start":{"line":281,"column":10},"end":{"line":281,"column":null}},"103":{"start":{"line":282,"column":10},"end":{"line":283,"column":null}},"104":{"start":{"line":283,"column":12},"end":{"line":283,"column":null}},"105":{"start":{"line":285,"column":10},"end":{"line":285,"column":null}},"106":{"start":{"line":286,"column":10},"end":{"line":286,"column":null}},"107":{"start":{"line":288,"column":10},"end":{"line":288,"column":null}},"108":{"start":{"line":289,"column":10},"end":{"line":289,"column":null}},"109":{"start":{"line":292,"column":8},"end":{"line":305,"column":null}},"110":{"start":{"line":294,"column":25},"end":{"line":294,"column":61}},"111":{"start":{"line":296,"column":10},"end":{"line":301,"column":null}},"112":{"start":{"line":297,"column":12},"end":{"line":297,"column":null}},"113":{"start":{"line":300,"column":12},"end":{"line":300,"column":null}},"114":{"start":{"line":304,"column":10},"end":{"line":304,"column":null}},"115":{"start":{"line":309,"column":35},"end":{"line":313,"column":7}},"116":{"start":{"line":310,"column":8},"end":{"line":312,"column":null}},"117":{"start":{"line":316,"column":6},"end":{"line":328,"column":null}},"118":{"start":{"line":317,"column":8},"end":{"line":324,"column":null}},"119":{"start":{"line":327,"column":8},"end":{"line":327,"column":null}},"120":{"start":{"line":332,"column":2},"end":{"line":332,"column":null}},"121":{"start":{"line":153,"column":0},"end":{"line":153,"column":16}},"122":{"start":{"line":336,"column":40},"end":{"line":336,"column":44}},"123":{"start":{"line":338,"column":2},"end":{"line":338,"column":null}},"124":{"start":{"line":342,"column":2},"end":{"line":342,"column":null}},"125":{"start":{"line":341,"column":0},"end":{"line":341,"column":16}},"126":{"start":{"line":353,"column":2},"end":{"line":353,"column":null}},"127":{"start":{"line":355,"column":2},"end":{"line":360,"column":null}},"128":{"start":{"line":357,"column":4},"end":{"line":357,"column":null}},"129":{"start":{"line":358,"column":4},"end":{"line":358,"column":null}},"130":{"start":{"line":359,"column":4},"end":{"line":359,"column":null}},"131":{"start":{"line":361,"column":2},"end":{"line":361,"column":null}},"132":{"start":{"line":348,"column":0},"end":{"line":348,"column":16}},"133":{"start":{"line":370,"column":2},"end":{"line":370,"column":null}},"134":{"start":{"line":373,"column":2},"end":{"line":373,"column":null}},"135":{"start":{"line":374,"column":2},"end":{"line":374,"column":null}},"136":{"start":{"line":375,"column":2},"end":{"line":375,"column":null}},"137":{"start":{"line":376,"column":2},"end":{"line":376,"column":null}},"138":{"start":{"line":379,"column":26},"end":{"line":379,"column":33}},"139":{"start":{"line":381,"column":18},"end":{"line":381,"column":37}},"140":{"start":{"line":383,"column":14},"end":{"line":383,"column":28}},"141":{"start":{"line":388,"column":26},"end":{"line":396,"column":3}},"142":{"start":{"line":389,"column":4},"end":{"line":395,"column":null}},"143":{"start":{"line":391,"column":6},"end":{"line":391,"column":null}},"144":{"start":{"line":394,"column":6},"end":{"line":394,"column":null}},"145":{"start":{"line":398,"column":2},"end":{"line":433,"column":null}},"146":{"start":{"line":400,"column":6},"end":{"line":416,"column":null}},"147":{"start":{"line":402,"column":8},"end":{"line":410,"column":null}},"148":{"start":{"line":403,"column":10},"end":{"line":403,"column":null}},"149":{"start":{"line":406,"column":10},"end":{"line":406,"column":null}},"150":{"start":{"line":407,"column":22},"end":{"line":407,"column":50}},"151":{"start":{"line":408,"column":10},"end":{"line":408,"column":null}},"152":{"start":{"line":409,"column":10},"end":{"line":409,"column":null}},"153":{"start":{"line":413,"column":8},"end":{"line":413,"column":null}},"154":{"start":{"line":414,"column":8},"end":{"line":414,"column":null}},"155":{"start":{"line":415,"column":8},"end":{"line":415,"column":null}},"156":{"start":{"line":399,"column":4},"end":{"line":417,"column":null}},"157":{"start":{"line":399,"column":17},"end":{"line":399,"column":25}},"158":{"start":{"line":399,"column":13},"end":{"line":399,"column":17}},"159":{"start":{"line":419,"column":26},"end":{"line":427,"column":5}},"160":{"start":{"line":420,"column":6},"end":{"line":420,"column":null}},"161":{"start":{"line":421,"column":21},"end":{"line":421,"column":47}},"162":{"start":{"line":422,"column":6},"end":{"line":425,"column":null}},"163":{"start":{"line":424,"column":8},"end":{"line":424,"column":null}},"164":{"start":{"line":426,"column":6},"end":{"line":426,"column":null}},"165":{"start":{"line":428,"column":4},"end":{"line":432,"column":null}},"166":{"start":{"line":429,"column":6},"end":{"line":429,"column":null}},"167":{"start":{"line":431,"column":6},"end":{"line":431,"column":null}},"168":{"start":{"line":434,"column":2},"end":{"line":434,"column":null}},"169":{"start":{"line":442,"column":2},"end":{"line":453,"column":null}},"170":{"start":{"line":444,"column":4},"end":{"line":452,"column":null}},"171":{"start":{"line":445,"column":11},"end":{"line":445,"column":null}},"172":{"start":{"line":446,"column":6},"end":{"line":451,"column":null}},"173":{"start":{"line":448,"column":8},"end":{"line":450,"column":null}},"174":{"start":{"line":449,"column":10},"end":{"line":449,"column":null}},"175":{"start":{"line":457,"column":21},"end":{"line":460,"column":45}},"176":{"start":{"line":458,"column":2},"end":{"line":458,"column":null}},"177":{"start":{"line":459,"column":2},"end":{"line":459,"column":null}},"178":{"start":{"line":462,"column":13},"end":{"line":462,"column":null}},"179":{"start":{"line":463,"column":13},"end":{"line":463,"column":null}},"180":{"start":{"line":464,"column":13},"end":{"line":464,"column":null}},"181":{"start":{"line":465,"column":13},"end":{"line":465,"column":null}},"182":{"start":{"line":466,"column":13},"end":{"line":466,"column":null}},"183":{"start":{"line":467,"column":13},"end":{"line":467,"column":null}},"184":{"start":{"line":468,"column":13},"end":{"line":468,"column":null}},"185":{"start":{"line":471,"column":22},"end":{"line":474,"column":46}},"186":{"start":{"line":472,"column":2},"end":{"line":472,"column":null}},"187":{"start":{"line":473,"column":2},"end":{"line":473,"column":null}},"188":{"start":{"line":476,"column":13},"end":{"line":476,"column":null}},"189":{"start":{"line":477,"column":13},"end":{"line":477,"column":null}},"190":{"start":{"line":478,"column":13},"end":{"line":478,"column":null}},"191":{"start":{"line":479,"column":13},"end":{"line":479,"column":null}},"192":{"start":{"line":480,"column":13},"end":{"line":480,"column":null}},"193":{"start":{"line":481,"column":13},"end":{"line":481,"column":null}},"194":{"start":{"line":482,"column":13},"end":{"line":482,"column":null}},"195":{"start":{"line":483,"column":13},"end":{"line":483,"column":null}},"196":{"start":{"line":484,"column":13},"end":{"line":484,"column":null}},"197":{"start":{"line":485,"column":13},"end":{"line":485,"column":null}},"198":{"start":{"line":486,"column":13},"end":{"line":486,"column":null}},"199":{"start":{"line":489,"column":27},"end":{"line":494,"column":52}},"200":{"start":{"line":491,"column":17},"end":{"line":491,"column":38}},"201":{"start":{"line":492,"column":2},"end":{"line":492,"column":null}},"202":{"start":{"line":493,"column":2},"end":{"line":493,"column":null}},"203":{"start":{"line":496,"column":13},"end":{"line":496,"column":null}},"204":{"start":{"line":497,"column":13},"end":{"line":497,"column":null}},"205":{"start":{"line":498,"column":13},"end":{"line":498,"column":null}},"206":{"start":{"line":499,"column":13},"end":{"line":499,"column":null}},"207":{"start":{"line":500,"column":13},"end":{"line":500,"column":null}},"208":{"start":{"line":501,"column":13},"end":{"line":501,"column":null}},"209":{"start":{"line":502,"column":13},"end":{"line":502,"column":null}},"210":{"start":{"line":503,"column":13},"end":{"line":503,"column":null}},"211":{"start":{"line":504,"column":13},"end":{"line":504,"column":null}}},"fnMap":{"0":{"name":"(anonymous_0)","decl":{"start":{"line":16,"column":35},"end":{"line":16,"column":null}},"loc":{"start":{"line":16,"column":35},"end":{"line":18,"column":1}}},"1":{"name":"(anonymous_1)","decl":{"start":{"line":20,"column":43},"end":{"line":20,"column":44}},"loc":{"start":{"line":27,"column":1},"end":{"line":101,"column":1}}},"2":{"name":"(anonymous_2)","decl":{"start":{"line":103,"column":38},"end":{"line":103,"column":39}},"loc":{"start":{"line":103,"column":61},"end":{"line":105,"column":1}}},"3":{"name":"decoratorLifeCycle","decl":{"start":{"line":153,"column":16},"end":{"line":153,"column":34}},"loc":{"start":{"line":155,"column":30},"end":{"line":333,"column":1}}},"4":{"name":"(anonymous_4)","decl":{"start":{"line":172,"column":19},"end":{"line":172,"column":20}},"loc":{"start":{"line":172,"column":34},"end":{"line":330,"column":3}}},"5":{"name":"decoratorLC","decl":{"start":{"line":192,"column":38},"end":{"line":192,"column":49}},"loc":{"start":{"line":192,"column":70},"end":{"line":329,"column":5}}},"6":{"name":"(anonymous_6)","decl":{"start":{"line":204,"column":37},"end":{"line":204,"column":null}},"loc":{"start":{"line":204,"column":37},"end":{"line":208,"column":11}}},"7":{"name":"(anonymous_7)","decl":{"start":{"line":210,"column":37},"end":{"line":210,"column":null}},"loc":{"start":{"line":210,"column":37},"end":{"line":214,"column":11}}},"8":{"name":"(anonymous_8)","decl":{"start":{"line":215,"column":39},"end":{"line":215,"column":null}},"loc":{"start":{"line":215,"column":39},"end":{"line":221,"column":11}}},"9":{"name":"(anonymous_9)","decl":{"start":{"line":216,"column":28},"end":{"line":216,"column":32}},"loc":{"start":{"line":216,"column":32},"end":{"line":220,"column":13}}},"10":{"name":"(anonymous_10)","decl":{"start":{"line":223,"column":35},"end":{"line":223,"column":null}},"loc":{"start":{"line":223,"column":35},"end":{"line":225,"column":11}}},"11":{"name":"(anonymous_11)","decl":{"start":{"line":247,"column":26},"end":{"line":247,"column":28}},"loc":{"start":{"line":247,"column":28},"end":{"line":261,"column":9}}},"12":{"name":"(anonymous_12)","decl":{"start":{"line":266,"column":26},"end":{"line":266,"column":null}},"loc":{"start":{"line":266,"column":26},"end":{"line":306,"column":7}}},"13":{"name":"(anonymous_13)","decl":{"start":{"line":268,"column":24},"end":{"line":268,"column":25}},"loc":{"start":{"line":268,"column":33},"end":{"line":277,"column":9}}},"14":{"name":"(anonymous_14)","decl":{"start":{"line":279,"column":23},"end":{"line":279,"column":24}},"loc":{"start":{"line":279,"column":32},"end":{"line":290,"column":9}}},"15":{"name":"(anonymous_15)","decl":{"start":{"line":309,"column":35},"end":{"line":309,"column":36}},"loc":{"start":{"line":309,"column":55},"end":{"line":313,"column":7}}},"16":{"name":"setCurrentCtx","decl":{"start":{"line":337,"column":9},"end":{"line":337,"column":22}},"loc":{"start":{"line":337,"column":49},"end":{"line":339,"column":1}}},"17":{"name":"getCurrentCtx","decl":{"start":{"line":341,"column":16},"end":{"line":341,"column":29}},"loc":{"start":{"line":341,"column":29},"end":{"line":343,"column":1}}},"18":{"name":"initHooks","decl":{"start":{"line":348,"column":16},"end":{"line":348,"column":25}},"loc":{"start":{"line":350,"column":21},"end":{"line":362,"column":1}}},"19":{"name":"(anonymous_19)","decl":{"start":{"line":355,"column":19},"end":{"line":355,"column":20}},"loc":{"start":{"line":355,"column":34},"end":{"line":360,"column":3}}},"20":{"name":"callHooks","decl":{"start":{"line":365,"column":9},"end":{"line":365,"column":18}},"loc":{"start":{"line":370,"column":14},"end":{"line":435,"column":1}}},"21":{"name":"(anonymous_21)","decl":{"start":{"line":388,"column":26},"end":{"line":388,"column":27}},"loc":{"start":{"line":388,"column":35},"end":{"line":396,"column":3}}},"22":{"name":"(anonymous_23)","decl":{"start":{"line":402,"column":41},"end":{"line":402,"column":42}},"loc":{"start":{"line":402,"column":53},"end":{"line":410,"column":9}}},"23":{"name":"(anonymous_24)","decl":{"start":{"line":419,"column":26},"end":{"line":419,"column":27}},"loc":{"start":{"line":419,"column":38},"end":{"line":427,"column":5}}},"24":{"name":"createPushHooks","decl":{"start":{"line":440,"column":9},"end":{"line":440,"column":24}},"loc":{"start":{"line":440,"column":39},"end":{"line":454,"column":1}}},"25":{"name":"pushHooks","decl":{"start":{"line":442,"column":18},"end":{"line":442,"column":27}},"loc":{"start":{"line":442,"column":38},"end":{"line":453,"column":3}}},"26":{"name":"(anonymous_27)","decl":{"start":{"line":457,"column":35},"end":{"line":457,"column":36}},"loc":{"start":{"line":457,"column":45},"end":{"line":460,"column":1}}},"27":{"name":"(anonymous_28)","decl":{"start":{"line":471,"column":37},"end":{"line":471,"column":38}},"loc":{"start":{"line":471,"column":47},"end":{"line":474,"column":1}}},"28":{"name":"(anonymous_29)","decl":{"start":{"line":489,"column":47},"end":{"line":489,"column":48}},"loc":{"start":{"line":489,"column":65},"end":{"line":494,"column":1}}}},"branchMap":{"0":{"loc":{"start":{"line":45,"column":2},"end":{"line":100,"column":null}},"type":"if","locations":[{"start":{"line":45,"column":2},"end":{"line":100,"column":null}},{"start":{"line":45,"column":2},"end":{"line":100,"column":null}}]},"1":{"loc":{"start":{"line":46,"column":4},"end":{"line":55,"column":null}},"type":"if","locations":[{"start":{"line":46,"column":4},"end":{"line":55,"column":null}},{"start":{"line":46,"column":4},"end":{"line":55,"column":null}}]},"2":{"loc":{"start":{"line":49,"column":11},"end":{"line":55,"column":null}},"type":"if","locations":[{"start":{"line":49,"column":11},"end":{"line":55,"column":null}},{"start":{"line":49,"column":11},"end":{"line":55,"column":null}}]},"3":{"loc":{"start":{"line":56,"column":9},"end":{"line":100,"column":null}},"type":"if","locations":[{"start":{"line":56,"column":9},"end":{"line":100,"column":null}},{"start":{"line":56,"column":9},"end":{"line":100,"column":null}}]},"4":{"loc":{"start":{"line":57,"column":4},"end":{"line":85,"column":null}},"type":"if","locations":[{"start":{"line":57,"column":4},"end":{"line":85,"column":null}},{"start":{"line":57,"column":4},"end":{"line":85,"column":null}}]},"5":{"loc":{"start":{"line":59,"column":6},"end":{"line":64,"column":null}},"type":"if","locations":[{"start":{"line":59,"column":6},"end":{"line":64,"column":null}},{"start":{"line":59,"column":6},"end":{"line":64,"column":null}}]},"6":{"loc":{"start":{"line":65,"column":11},"end":{"line":85,"column":null}},"type":"if","locations":[{"start":{"line":65,"column":11},"end":{"line":85,"column":null}},{"start":{"line":65,"column":11},"end":{"line":85,"column":null}}]},"7":{"loc":{"start":{"line":71,"column":10},"end":{"line":71,"column":23}},"type":"cond-expr","locations":[{"start":{"line":71,"column":10},"end":{"line":71,"column":23}},{"start":{"line":73,"column":8},"end":{"line":77,"column":50}}]},"8":{"loc":{"start":{"line":69,"column":6},"end":{"line":69,"column":31}},"type":"binary-expr","locations":[{"start":{"line":69,"column":6},"end":{"line":69,"column":31}},{"start":{"line":69,"column":35},"end":{"line":69,"column":71}}]},"9":{"loc":{"start":{"line":75,"column":10},"end":{"line":75,"column":61}},"type":"cond-expr","locations":[{"start":{"line":75,"column":10},"end":{"line":75,"column":61}},{"start":{"line":77,"column":10},"end":{"line":77,"column":50}}]},"10":{"loc":{"start":{"line":79,"column":11},"end":{"line":85,"column":null}},"type":"if","locations":[{"start":{"line":79,"column":11},"end":{"line":85,"column":null}},{"start":{"line":79,"column":11},"end":{"line":85,"column":null}}]},"11":{"loc":{"start":{"line":86,"column":9},"end":{"line":100,"column":null}},"type":"if","locations":[{"start":{"line":86,"column":9},"end":{"line":100,"column":null}},{"start":{"line":86,"column":9},"end":{"line":100,"column":null}}]},"12":{"loc":{"start":{"line":87,"column":4},"end":{"line":99,"column":null}},"type":"if","locations":[{"start":{"line":87,"column":4},"end":{"line":99,"column":null}},{"start":{"line":87,"column":4},"end":{"line":99,"column":null}}]},"13":{"loc":{"start":{"line":90,"column":11},"end":{"line":99,"column":null}},"type":"if","locations":[{"start":{"line":90,"column":11},"end":{"line":99,"column":null}},{"start":{"line":90,"column":11},"end":{"line":99,"column":null}}]},"14":{"loc":{"start":{"line":93,"column":11},"end":{"line":99,"column":null}},"type":"if","locations":[{"start":{"line":93,"column":11},"end":{"line":99,"column":null}},{"start":{"line":93,"column":11},"end":{"line":99,"column":null}}]},"15":{"loc":{"start":{"line":154,"column":2},"end":{"line":154,"column":null}},"type":"if","locations":[{"start":{"line":154,"column":2},"end":{"line":154,"column":null}},{"start":{"line":154,"column":2},"end":{"line":154,"column":null}}]},"16":{"loc":{"start":{"line":155,"column":2},"end":{"line":155,"column":null}},"type":"if","locations":[{"start":{"line":155,"column":2},"end":{"line":155,"column":null}},{"start":{"line":155,"column":2},"end":{"line":155,"column":null}}]},"17":{"loc":{"start":{"line":158,"column":2},"end":{"line":166,"column":null}},"type":"if","locations":[{"start":{"line":158,"column":2},"end":{"line":166,"column":null}},{"start":{"line":158,"column":2},"end":{"line":166,"column":null}}]},"18":{"loc":{"start":{"line":160,"column":4},"end":{"line":160,"column":36}},"type":"binary-expr","locations":[{"start":{"line":160,"column":4},"end":{"line":160,"column":36}},{"start":{"line":160,"column":41},"end":{"line":160,"column":67}}]},"19":{"loc":{"start":{"line":162,"column":4},"end":{"line":162,"column":32}},"type":"binary-expr","locations":[{"start":{"line":162,"column":4},"end":{"line":162,"column":32}},{"start":{"line":162,"column":37},"end":{"line":162,"column":59}}]},"20":{"loc":{"start":{"line":164,"column":4},"end":{"line":164,"column":30}},"type":"binary-expr","locations":[{"start":{"line":164,"column":4},"end":{"line":164,"column":30}},{"start":{"line":164,"column":35},"end":{"line":164,"column":55}}]},"21":{"loc":{"start":{"line":165,"column":4},"end":{"line":165,"column":29}},"type":"binary-expr","locations":[{"start":{"line":165,"column":4},"end":{"line":165,"column":29}},{"start":{"line":165,"column":34},"end":{"line":165,"column":71}}]},"22":{"loc":{"start":{"line":179,"column":10},"end":{"line":181,"column":29}},"type":"cond-expr","locations":[{"start":{"line":179,"column":10},"end":{"line":181,"column":29}},{"start":{"line":182,"column":10},"end":{"line":182,"column":17}}]},"23":{"loc":{"start":{"line":180,"column":12},"end":{"line":180,"column":33}},"type":"cond-expr","locations":[{"start":{"line":180,"column":12},"end":{"line":180,"column":33}},{"start":{"line":181,"column":12},"end":{"line":181,"column":29}}]},"24":{"loc":{"start":{"line":188,"column":10},"end":{"line":188,"column":49}},"type":"cond-expr","locations":[{"start":{"line":188,"column":10},"end":{"line":188,"column":49}},{"start":{"line":189,"column":10},"end":{"line":189,"column":32}}]},"25":{"loc":{"start":{"line":186,"column":6},"end":{"line":186,"column":26}},"type":"binary-expr","locations":[{"start":{"line":186,"column":6},"end":{"line":186,"column":26}},{"start":{"line":186,"column":30},"end":{"line":186,"column":39}}]},"26":{"loc":{"start":{"line":188,"column":10},"end":{"line":188,"column":32}},"type":"binary-expr","locations":[{"start":{"line":188,"column":10},"end":{"line":188,"column":32}},{"start":{"line":188,"column":36},"end":{"line":188,"column":49}}]},"27":{"loc":{"start":{"line":194,"column":6},"end":{"line":240,"column":null}},"type":"if","locations":[{"start":{"line":194,"column":6},"end":{"line":240,"column":null}},{"start":{"line":194,"column":6},"end":{"line":240,"column":null}}]},"28":{"loc":{"start":{"line":194,"column":10},"end":{"line":194,"column":29}},"type":"binary-expr","locations":[{"start":{"line":194,"column":10},"end":{"line":194,"column":29}},{"start":{"line":194,"column":33},"end":{"line":194,"column":50}},{"start":{"line":194,"column":54},"end":{"line":194,"column":72}}]},"29":{"loc":{"start":{"line":203,"column":8},"end":{"line":226,"column":null}},"type":"if","locations":[{"start":{"line":203,"column":8},"end":{"line":226,"column":null}},{"start":{"line":203,"column":8},"end":{"line":226,"column":null}}]},"30":{"loc":{"start":{"line":209,"column":15},"end":{"line":226,"column":null}},"type":"if","locations":[{"start":{"line":209,"column":15},"end":{"line":226,"column":null}},{"start":{"line":209,"column":15},"end":{"line":226,"column":null}}]},"31":{"loc":{"start":{"line":229,"column":8},"end":{"line":239,"column":null}},"type":"if","locations":[{"start":{"line":229,"column":8},"end":{"line":239,"column":null}},{"start":{"line":229,"column":8},"end":{"line":239,"column":null}}]},"32":{"loc":{"start":{"line":231,"column":10},"end":{"line":238,"column":null}},"type":"if","locations":[{"start":{"line":231,"column":10},"end":{"line":238,"column":null}},{"start":{"line":231,"column":10},"end":{"line":238,"column":null}}]},"33":{"loc":{"start":{"line":243,"column":6},"end":{"line":263,"column":null}},"type":"if","locations":[{"start":{"line":243,"column":6},"end":{"line":263,"column":null}},{"start":{"line":243,"column":6},"end":{"line":263,"column":null}}]},"34":{"loc":{"start":{"line":245,"column":8},"end":{"line":245,"column":null}},"type":"if","locations":[{"start":{"line":245,"column":8},"end":{"line":245,"column":null}},{"start":{"line":245,"column":8},"end":{"line":245,"column":null}}]},"35":{"loc":{"start":{"line":248,"column":10},"end":{"line":260,"column":null}},"type":"if","locations":[{"start":{"line":248,"column":10},"end":{"line":260,"column":null}},{"start":{"line":248,"column":10},"end":{"line":260,"column":null}}]},"36":{"loc":{"start":{"line":251,"column":12},"end":{"line":259,"column":null}},"type":"if","locations":[{"start":{"line":251,"column":12},"end":{"line":259,"column":null}},{"start":{"line":251,"column":12},"end":{"line":259,"column":null}}]},"37":{"loc":{"start":{"line":253,"column":19},"end":{"line":259,"column":null}},"type":"if","locations":[{"start":{"line":253,"column":19},"end":{"line":259,"column":null}},{"start":{"line":253,"column":19},"end":{"line":259,"column":null}}]},"38":{"loc":{"start":{"line":282,"column":10},"end":{"line":283,"column":null}},"type":"if","locations":[{"start":{"line":282,"column":10},"end":{"line":283,"column":null}},{"start":{"line":282,"column":10},"end":{"line":283,"column":null}}]},"39":{"loc":{"start":{"line":296,"column":10},"end":{"line":301,"column":null}},"type":"if","locations":[{"start":{"line":296,"column":10},"end":{"line":301,"column":null}},{"start":{"line":296,"column":10},"end":{"line":301,"column":null}}]},"40":{"loc":{"start":{"line":296,"column":31},"end":{"line":296,"column":33}},"type":"cond-expr","locations":[{"start":{"line":296,"column":31},"end":{"line":296,"column":33}},{"start":{"line":296,"column":25},"end":{"line":296,"column":37}}]},"41":{"loc":{"start":{"line":296,"column":25},"end":{"line":296,"column":33}},"type":"binary-expr","locations":[{"start":{"line":296,"column":25},"end":{"line":296,"column":33}},{"start":{"line":296,"column":25},"end":{"line":296,"column":33}}]},"42":{"loc":{"start":{"line":311,"column":12},"end":{"line":311,"column":25}},"type":"cond-expr","locations":[{"start":{"line":311,"column":12},"end":{"line":311,"column":25}},{"start":{"line":312,"column":12},"end":{"line":312,"column":50}}]},"43":{"loc":{"start":{"line":316,"column":6},"end":{"line":328,"column":null}},"type":"if","locations":[{"start":{"line":316,"column":6},"end":{"line":328,"column":null}},{"start":{"line":316,"column":6},"end":{"line":328,"column":null}}]},"44":{"loc":{"start":{"line":370,"column":2},"end":{"line":370,"column":null}},"type":"if","locations":[{"start":{"line":370,"column":2},"end":{"line":370,"column":null}},{"start":{"line":370,"column":2},"end":{"line":370,"column":null}}]},"45":{"loc":{"start":{"line":389,"column":4},"end":{"line":395,"column":null}},"type":"if","locations":[{"start":{"line":389,"column":4},"end":{"line":395,"column":null}},{"start":{"line":389,"column":4},"end":{"line":395,"column":null}}]},"46":{"loc":{"start":{"line":398,"column":2},"end":{"line":433,"column":null}},"type":"if","locations":[{"start":{"line":398,"column":2},"end":{"line":433,"column":null}},{"start":{"line":398,"column":2},"end":{"line":433,"column":null}}]},"47":{"loc":{"start":{"line":400,"column":6},"end":{"line":416,"column":null}},"type":"if","locations":[{"start":{"line":400,"column":6},"end":{"line":416,"column":null}},{"start":{"line":400,"column":6},"end":{"line":416,"column":null}}]},"48":{"loc":{"start":{"line":400,"column":33},"end":{"line":400,"column":35}},"type":"cond-expr","locations":[{"start":{"line":400,"column":33},"end":{"line":400,"column":35}},{"start":{"line":400,"column":21},"end":{"line":400,"column":39}}]},"49":{"loc":{"start":{"line":400,"column":21},"end":{"line":400,"column":35}},"type":"binary-expr","locations":[{"start":{"line":400,"column":21},"end":{"line":400,"column":35}},{"start":{"line":400,"column":21},"end":{"line":400,"column":35}}]},"50":{"loc":{"start":{"line":422,"column":6},"end":{"line":425,"column":null}},"type":"if","locations":[{"start":{"line":422,"column":6},"end":{"line":425,"column":null}},{"start":{"line":422,"column":6},"end":{"line":425,"column":null}}]},"51":{"loc":{"start":{"line":428,"column":4},"end":{"line":432,"column":null}},"type":"if","locations":[{"start":{"line":428,"column":4},"end":{"line":432,"column":null}},{"start":{"line":428,"column":4},"end":{"line":432,"column":null}}]},"52":{"loc":{"start":{"line":428,"column":31},"end":{"line":428,"column":33}},"type":"cond-expr","locations":[{"start":{"line":428,"column":31},"end":{"line":428,"column":33}},{"start":{"line":428,"column":19},"end":{"line":428,"column":37}}]},"53":{"loc":{"start":{"line":428,"column":19},"end":{"line":428,"column":33}},"type":"binary-expr","locations":[{"start":{"line":428,"column":19},"end":{"line":428,"column":33}},{"start":{"line":428,"column":19},"end":{"line":428,"column":33}}]},"54":{"loc":{"start":{"line":444,"column":4},"end":{"line":452,"column":null}},"type":"if","locations":[{"start":{"line":444,"column":4},"end":{"line":452,"column":null}},{"start":{"line":444,"column":4},"end":{"line":452,"column":null}}]},"55":{"loc":{"start":{"line":446,"column":6},"end":{"line":451,"column":null}},"type":"if","locations":[{"start":{"line":446,"column":6},"end":{"line":451,"column":null}},{"start":{"line":446,"column":6},"end":{"line":451,"column":null}}]},"56":{"loc":{"start":{"line":446,"column":11},"end":{"line":446,"column":25}},"type":"binary-expr","locations":[{"start":{"line":446,"column":11},"end":{"line":446,"column":25}},{"start":{"line":446,"column":31},"end":{"line":446,"column":52}}]},"57":{"loc":{"start":{"line":448,"column":8},"end":{"line":450,"column":null}},"type":"if","locations":[{"start":{"line":448,"column":8},"end":{"line":450,"column":null}},{"start":{"line":448,"column":8},"end":{"line":450,"column":null}}]}},"s":{"0":3,"1":3,"2":3,"3":3,"4":3,"5":3,"6":3,"7":1,"8":3,"9":184,"10":184,"11":184,"12":184,"13":184,"14":184,"15":184,"16":35,"17":5,"18":30,"19":5,"20":25,"21":149,"22":101,"23":11,"24":11,"25":0,"26":90,"27":9,"28":9,"29":81,"30":9,"31":72,"32":48,"33":48,"34":8,"35":40,"36":8,"37":32,"38":8,"39":24,"40":3,"41":0,"42":3,"43":3,"44":29,"45":29,"46":29,"47":8,"48":8,"49":8,"50":8,"51":29,"52":29,"53":283,"54":283,"55":283,"56":283,"57":219,"58":219,"59":29,"60":29,"61":29,"62":29,"63":5,"64":5,"65":24,"66":16,"67":12,"68":16,"69":12,"70":132,"71":8,"72":0,"73":29,"74":24,"75":14,"76":14,"77":14,"78":14,"79":219,"80":3,"81":3,"82":3,"83":3,"84":3,"85":3,"86":1,"87":2,"88":1,"89":1,"90":1,"91":3,"92":219,"93":199,"94":199,"95":199,"96":199,"97":199,"98":199,"99":199,"100":199,"101":0,"102":0,"103":0,"104":0,"105":0,"106":0,"107":0,"108":0,"109":199,"110":199,"111":199,"112":0,"113":199,"114":0,"115":219,"116":54,"117":219,"118":184,"119":35,"120":29,"121":3,"122":3,"123":118,"124":0,"125":3,"126":35,"127":35,"128":343,"129":343,"130":343,"131":35,"132":3,"133":398,"134":199,"135":199,"136":199,"137":199,"138":199,"139":199,"140":199,"141":199,"142":83,"143":77,"144":6,"145":199,"146":42,"147":0,"148":0,"149":0,"150":0,"151":0,"152":0,"153":42,"154":42,"155":42,"156":41,"157":41,"158":42,"159":41,"160":41,"161":41,"162":41,"163":0,"164":41,"165":41,"166":0,"167":41,"168":199,"169":81,"170":3,"171":3,"172":3,"173":3,"174":3,"175":3,"176":21,"177":21,"178":3,"179":3,"180":3,"181":3,"182":3,"183":3,"184":3,"185":3,"186":33,"187":33,"188":3,"189":3,"190":3,"191":3,"192":3,"193":3,"194":3,"195":3,"196":3,"197":3,"198":3,"199":3,"200":27,"201":27,"202":27,"203":3,"204":3,"205":3,"206":3,"207":3,"208":3,"209":3,"210":3,"211":3},"f":{"0":1,"1":184,"2":0,"3":29,"4":283,"5":219,"6":5,"7":12,"8":12,"9":132,"10":0,"11":3,"12":199,"13":199,"14":0,"15":54,"16":118,"17":0,"18":35,"19":343,"20":199,"21":83,"22":0,"23":41,"24":81,"25":3,"26":21,"27":33,"28":27},"b":{"0":[35,149],"1":[5,30],"2":[5,25],"3":[101,48],"4":[11,90],"5":[11,0],"6":[9,81],"7":[5,4],"8":[9,5],"9":[0,4],"10":[9,72],"11":[48,0],"12":[8,40],"13":[8,32],"14":[8,24],"15":[0,29],"16":[0,29],"17":[8,21],"18":[8,7],"19":[8,8],"20":[8,8],"21":[8,3],"22":[72,211],"23":[24,48],"24":[48,235],"25":[283,72],"26":[48,48],"27":[29,190],"28":[219,214,198],"29":[5,24],"30":[16,8],"31":[24,5],"32":[14,10],"33":[3,216],"34":[3,0],"35":[3,0],"36":[1,2],"37":[1,1],"38":[0,0],"39":[0,199],"40":[189,10],"41":[199,199],"42":[20,34],"43":[184,35],"44":[199,0],"45":[77,6],"46":[41,158],"47":[0,42],"48":[36,6],"49":[42,42],"50":[0,41],"51":[0,41],"52":[35,6],"53":[41,41],"54":[3,0],"55":[3,0],"56":[3,3],"57":[3,0]}}
,"/Users/lay/docker/web/gitlab/enhance-weapp/src/mixins.ts": {"path":"/Users/lay/docker/web/gitlab/enhance-weapp/src/mixins.ts","statementMap":{"0":{"start":{"line":1,"column":0},"end":{"line":1,"column":33}},"1":{"start":{"line":3,"column":41},"end":{"line":3,"column":45}},"2":{"start":{"line":5,"column":2},"end":{"line":5,"column":null}},"3":{"start":{"line":4,"column":0},"end":{"line":4,"column":16}},"4":{"start":{"line":12,"column":2},"end":{"line":51,"column":null}},"5":{"start":{"line":13,"column":31},"end":{"line":30,"column":5}},"6":{"start":{"line":14,"column":6},"end":{"line":29,"column":null}},"7":{"start":{"line":15,"column":8},"end":{"line":23,"column":null}},"8":{"start":{"line":16,"column":10},"end":{"line":16,"column":null}},"9":{"start":{"line":16,"column":25},"end":{"line":16,"column":null}},"10":{"start":{"line":17,"column":10},"end":{"line":22,"column":null}},"11":{"start":{"line":17,"column":43},"end":{"line":17,"column":45}},"12":{"start":{"line":17,"column":48},"end":{"line":17,"column":49}},"13":{"start":{"line":19,"column":12},"end":{"line":21,"column":null}},"14":{"start":{"line":20,"column":14},"end":{"line":20,"column":null}},"15":{"start":{"line":26,"column":8},"end":{"line":28,"column":null}},"16":{"start":{"line":27,"column":10},"end":{"line":27,"column":null}},"17":{"start":{"line":31,"column":4},"end":{"line":45,"column":null}},"18":{"start":{"line":32,"column":49},"end":{"line":32,"column":51}},"19":{"start":{"line":32,"column":54},"end":{"line":32,"column":55}},"20":{"start":{"line":33,"column":8},"end":{"line":44,"column":null}},"21":{"start":{"line":34,"column":10},"end":{"line":41,"column":null}},"22":{"start":{"line":35,"column":20},"end":{"line":35,"column":22}},"23":{"start":{"line":35,"column":29},"end":{"line":35,"column":30}},"24":{"start":{"line":36,"column":14},"end":{"line":39,"column":null}},"25":{"start":{"line":37,"column":16},"end":{"line":37,"column":null}},"26":{"start":{"line":37,"column":45},"end":{"line":37,"column":null}},"27":{"start":{"line":38,"column":16},"end":{"line":38,"column":54}},"28":{"start":{"line":43,"column":10},"end":{"line":43,"column":null}},"29":{"start":{"line":47,"column":4},"end":{"line":50,"column":null}},"30":{"start":{"line":47,"column":40},"end":{"line":47,"column":42}},"31":{"start":{"line":47,"column":45},"end":{"line":47,"column":46}},"32":{"start":{"line":48,"column":6},"end":{"line":48,"column":72}},"33":{"start":{"line":48,"column":66},"end":{"line":48,"column":72}},"34":{"start":{"line":49,"column":6},"end":{"line":49,"column":null}},"35":{"start":{"line":52,"column":2},"end":{"line":52,"column":null}},"36":{"start":{"line":8,"column":0},"end":{"line":8,"column":16}}},"fnMap":{"0":{"name":"globalMixins","decl":{"start":{"line":4,"column":16},"end":{"line":4,"column":28}},"loc":{"start":{"line":4,"column":51},"end":{"line":6,"column":1}}},"1":{"name":"handlerMixins","decl":{"start":{"line":8,"column":16},"end":{"line":8,"column":29}},"loc":{"start":{"line":10,"column":21},"end":{"line":53,"column":1}}},"2":{"name":"(anonymous_2)","decl":{"start":{"line":13,"column":31},"end":{"line":13,"column":32}},"loc":{"start":{"line":13,"column":53},"end":{"line":30,"column":5}}},"3":{"name":"(anonymous_3)","decl":{"start":{"line":17,"column":38},"end":{"line":17,"column":39}},"loc":{"start":{"line":17,"column":49},"end":{"line":22,"column":11}}},"4":{"name":"(anonymous_4)","decl":{"start":{"line":32,"column":44},"end":{"line":32,"column":45}},"loc":{"start":{"line":32,"column":55},"end":{"line":45,"column":7}}},"5":{"name":"(anonymous_5)","decl":{"start":{"line":35,"column":12},"end":{"line":35,"column":13}},"loc":{"start":{"line":35,"column":30},"end":{"line":40,"column":13}}},"6":{"name":"(anonymous_6)","decl":{"start":{"line":47,"column":35},"end":{"line":47,"column":36}},"loc":{"start":{"line":47,"column":46},"end":{"line":50,"column":5}}}},"branchMap":{"0":{"loc":{"start":{"line":12,"column":2},"end":{"line":51,"column":null}},"type":"if","locations":[{"start":{"line":12,"column":2},"end":{"line":51,"column":null}},{"start":{"line":12,"column":2},"end":{"line":51,"column":null}}]},"1":{"loc":{"start":{"line":12,"column":6},"end":{"line":12,"column":12}},"type":"binary-expr","locations":[{"start":{"line":12,"column":6},"end":{"line":12,"column":12}},{"start":{"line":12,"column":16},"end":{"line":12,"column":32}}]},"2":{"loc":{"start":{"line":14,"column":6},"end":{"line":29,"column":null}},"type":"if","locations":[{"start":{"line":14,"column":6},"end":{"line":29,"column":null}},{"start":{"line":14,"column":6},"end":{"line":29,"column":null}}]},"3":{"loc":{"start":{"line":15,"column":8},"end":{"line":23,"column":null}},"type":"if","locations":[{"start":{"line":15,"column":8},"end":{"line":23,"column":null}},{"start":{"line":15,"column":8},"end":{"line":23,"column":null}}]},"4":{"loc":{"start":{"line":16,"column":10},"end":{"line":16,"column":null}},"type":"if","locations":[{"start":{"line":16,"column":10},"end":{"line":16,"column":null}},{"start":{"line":16,"column":10},"end":{"line":16,"column":null}}]},"5":{"loc":{"start":{"line":19,"column":12},"end":{"line":21,"column":null}},"type":"if","locations":[{"start":{"line":19,"column":12},"end":{"line":21,"column":null}},{"start":{"line":19,"column":12},"end":{"line":21,"column":null}}]},"6":{"loc":{"start":{"line":26,"column":8},"end":{"line":28,"column":null}},"type":"if","locations":[{"start":{"line":26,"column":8},"end":{"line":28,"column":null}},{"start":{"line":26,"column":8},"end":{"line":28,"column":null}}]},"7":{"loc":{"start":{"line":31,"column":4},"end":{"line":31,"column":26}},"type":"binary-expr","locations":[{"start":{"line":31,"column":4},"end":{"line":31,"column":26}},{"start":{"line":32,"column":6},"end":{"line":45,"column":8}}]},"8":{"loc":{"start":{"line":33,"column":8},"end":{"line":44,"column":null}},"type":"if","locations":[{"start":{"line":33,"column":8},"end":{"line":44,"column":null}},{"start":{"line":33,"column":8},"end":{"line":44,"column":null}}]},"9":{"loc":{"start":{"line":33,"column":12},"end":{"line":33,"column":27}},"type":"binary-expr","locations":[{"start":{"line":33,"column":12},"end":{"line":33,"column":27}},{"start":{"line":33,"column":31},"end":{"line":33,"column":44}}]},"10":{"loc":{"start":{"line":36,"column":14},"end":{"line":39,"column":null}},"type":"if","locations":[{"start":{"line":36,"column":14},"end":{"line":39,"column":null}},{"start":{"line":36,"column":14},"end":{"line":39,"column":null}}]},"11":{"loc":{"start":{"line":37,"column":16},"end":{"line":37,"column":null}},"type":"if","locations":[{"start":{"line":37,"column":16},"end":{"line":37,"column":null}},{"start":{"line":37,"column":16},"end":{"line":37,"column":null}}]},"12":{"loc":{"start":{"line":48,"column":6},"end":{"line":48,"column":72}},"type":"if","locations":[{"start":{"line":48,"column":6},"end":{"line":48,"column":72}},{"start":{"line":48,"column":6},"end":{"line":48,"column":72}}]},"13":{"loc":{"start":{"line":48,"column":10},"end":{"line":48,"column":23}},"type":"binary-expr","locations":[{"start":{"line":48,"column":10},"end":{"line":48,"column":23}},{"start":{"line":48,"column":27},"end":{"line":48,"column":41}},{"start":{"line":48,"column":45},"end":{"line":48,"column":64}}]}},"s":{"0":3,"1":3,"2":11,"3":3,"4":42,"5":12,"6":18,"7":13,"8":12,"9":7,"10":12,"11":12,"12":12,"13":12,"14":10,"15":5,"16":4,"17":12,"18":18,"19":18,"20":18,"21":5,"22":7,"23":7,"24":7,"25":6,"26":1,"27":6,"28":13,"29":12,"30":23,"31":23,"32":23,"33":18,"34":5,"35":42,"36":3},"f":{"0":11,"1":42,"2":18,"3":12,"4":18,"5":7,"6":23},"b":{"0":[12,30],"1":[42,13],"2":[13,5],"3":[12,1],"4":[7,5],"5":[10,2],"6":[4,1],"7":[12,11],"8":[5,13],"9":[18,5],"10":[6,1],"11":[1,5],"12":[18,5],"13":[23,19,9]}}
,"/Users/lay/docker/web/gitlab/enhance-weapp/src/reactive.ts": {"path":"/Users/lay/docker/web/gitlab/enhance-weapp/src/reactive.ts","statementMap":{"0":{"start":{"line":1,"column":0},"end":{"line":1,"column":null}},"1":{"start":{"line":8,"column":0},"end":{"line":8,"column":42}},"2":{"start":{"line":9,"column":0},"end":{"line":9,"column":49}},"3":{"start":{"line":10,"column":0},"end":{"line":10,"column":41}},"4":{"start":{"line":18,"column":2},"end":{"line":18,"column":null}},"5":{"start":{"line":19,"column":2},"end":{"line":19,"column":null}},"6":{"start":{"line":21,"column":2},"end":{"line":21,"column":null}},"7":{"start":{"line":22,"column":2},"end":{"line":22,"column":null}},"8":{"start":{"line":24,"column":20},"end":{"line":24,"column":38}},"9":{"start":{"line":25,"column":2},"end":{"line":53,"column":null}},"10":{"start":{"line":26,"column":4},"end":{"line":33,"column":null}},"11":{"start":{"line":27,"column":18},"end":{"line":27,"column":32}},"12":{"start":{"line":28,"column":6},"end":{"line":32,"column":null}},"13":{"start":{"line":29,"column":8},"end":{"line":29,"column":null}},"14":{"start":{"line":31,"column":8},"end":{"line":31,"column":null}},"15":{"start":{"line":35,"column":4},"end":{"line":35,"column":null}},"16":{"start":{"line":37,"column":4},"end":{"line":52,"column":null}},"17":{"start":{"line":38,"column":6},"end":{"line":38,"column":null}},"18":{"start":{"line":42,"column":6},"end":{"line":44,"column":null}},"19":{"start":{"line":43,"column":8},"end":{"line":43,"column":null}},"20":{"start":{"line":46,"column":6},"end":{"line":51,"column":null}},"21":{"start":{"line":47,"column":23},"end":{"line":48,"column":null}},"22":{"start":{"line":48,"column":16},"end":{"line":48,"column":null}},"23":{"start":{"line":50,"column":8},"end":{"line":50,"column":null}},"24":{"start":{"line":54,"column":19},"end":{"line":54,"column":38}},"25":{"start":{"line":55,"column":23},"end":{"line":55,"column":46}},"26":{"start":{"line":56,"column":2},"end":{"line":72,"column":null}},"27":{"start":{"line":59,"column":4},"end":{"line":59,"column":null}},"28":{"start":{"line":60,"column":4},"end":{"line":60,"column":null}},"29":{"start":{"line":62,"column":4},"end":{"line":62,"column":null}},"30":{"start":{"line":63,"column":4},"end":{"line":63,"column":null}},"31":{"start":{"line":67,"column":4},"end":{"line":67,"column":null}},"32":{"start":{"line":68,"column":4},"end":{"line":68,"column":null}},"33":{"start":{"line":70,"column":4},"end":{"line":70,"column":null}},"34":{"start":{"line":71,"column":4},"end":{"line":71,"column":null}},"35":{"start":{"line":73,"column":2},"end":{"line":73,"column":null}},"36":{"start":{"line":12,"column":0},"end":{"line":12,"column":16}},"37":{"start":{"line":77,"column":2},"end":{"line":85,"column":null}},"38":{"start":{"line":79,"column":4},"end":{"line":79,"column":32}},"39":{"start":{"line":79,"column":26},"end":{"line":79,"column":32}},"40":{"start":{"line":80,"column":4},"end":{"line":80,"column":null}},"41":{"start":{"line":82,"column":4},"end":{"line":84,"column":null}},"42":{"start":{"line":83,"column":6},"end":{"line":83,"column":null}},"43":{"start":{"line":89,"column":2},"end":{"line":95,"column":null}},"44":{"start":{"line":91,"column":4},"end":{"line":91,"column":33}},"45":{"start":{"line":91,"column":27},"end":{"line":91,"column":33}},"46":{"start":{"line":92,"column":4},"end":{"line":92,"column":null}},"47":{"start":{"line":94,"column":4},"end":{"line":94,"column":null}}},"fnMap":{"0":{"name":"handlerSetup","decl":{"start":{"line":12,"column":16},"end":{"line":12,"column":28}},"loc":{"start":{"line":15,"column":21},"end":{"line":74,"column":1}}},"1":{"name":"(anonymous_1)","decl":{"start":{"line":26,"column":35},"end":{"line":26,"column":38}},"loc":{"start":{"line":26,"column":38},"end":{"line":33,"column":5}}},"2":{"name":"initComponentSetData","decl":{"start":{"line":42,"column":46},"end":{"line":42,"column":66}},"loc":{"start":{"line":42,"column":66},"end":{"line":44,"column":7}}},"3":{"name":"(anonymous_3)","decl":{"start":{"line":46,"column":36},"end":{"line":46,"column":null}},"loc":{"start":{"line":46,"column":36},"end":{"line":51,"column":7}}},"4":{"name":"(anonymous_4)","decl":{"start":{"line":48,"column":10},"end":{"line":48,"column":12}},"loc":{"start":{"line":48,"column":12},"end":{"line":48,"column":18}}},"5":{"name":"createWatching","decl":{"start":{"line":76,"column":9},"end":{"line":76,"column":23}},"loc":{"start":{"line":76,"column":43},"end":{"line":86,"column":1}}},"6":{"name":"watching","decl":{"start":{"line":77,"column":18},"end":{"line":77,"column":26}},"loc":{"start":{"line":77,"column":26},"end":{"line":85,"column":3}}},"7":{"name":"(anonymous_7)","decl":{"start":{"line":82,"column":43},"end":{"line":82,"column":null}},"loc":{"start":{"line":82,"column":43},"end":{"line":84,"column":5}}},"8":{"name":"createStopWatching","decl":{"start":{"line":88,"column":9},"end":{"line":88,"column":27}},"loc":{"start":{"line":88,"column":47},"end":{"line":96,"column":1}}},"9":{"name":"stopWatching","decl":{"start":{"line":89,"column":18},"end":{"line":89,"column":30}},"loc":{"start":{"line":89,"column":30},"end":{"line":95,"column":3}}}},"branchMap":{"0":{"loc":{"start":{"line":18,"column":2},"end":{"line":18,"column":11}},"type":"binary-expr","locations":[{"start":{"line":18,"column":2},"end":{"line":18,"column":11}},{"start":{"line":18,"column":16},"end":{"line":18,"column":29}}]},"1":{"loc":{"start":{"line":25,"column":2},"end":{"line":53,"column":null}},"type":"if","locations":[{"start":{"line":25,"column":2},"end":{"line":53,"column":null}},{"start":{"line":25,"column":2},"end":{"line":53,"column":null}}]},"2":{"loc":{"start":{"line":28,"column":6},"end":{"line":32,"column":null}},"type":"if","locations":[{"start":{"line":28,"column":6},"end":{"line":32,"column":null}},{"start":{"line":28,"column":6},"end":{"line":32,"column":null}}]},"3":{"loc":{"start":{"line":37,"column":4},"end":{"line":52,"column":null}},"type":"if","locations":[{"start":{"line":37,"column":4},"end":{"line":52,"column":null}},{"start":{"line":37,"column":4},"end":{"line":52,"column":null}}]},"4":{"loc":{"start":{"line":56,"column":2},"end":{"line":72,"column":null}},"type":"if","locations":[{"start":{"line":56,"column":2},"end":{"line":72,"column":null}},{"start":{"line":56,"column":2},"end":{"line":72,"column":null}}]},"5":{"loc":{"start":{"line":79,"column":4},"end":{"line":79,"column":32}},"type":"if","locations":[{"start":{"line":79,"column":4},"end":{"line":79,"column":32}},{"start":{"line":79,"column":4},"end":{"line":79,"column":32}}]},"6":{"loc":{"start":{"line":91,"column":4},"end":{"line":91,"column":33}},"type":"if","locations":[{"start":{"line":91,"column":4},"end":{"line":91,"column":33}},{"start":{"line":91,"column":4},"end":{"line":91,"column":33}}]}},"s":{"0":3,"1":3,"2":3,"3":3,"4":14,"5":14,"6":14,"7":14,"8":14,"9":14,"10":13,"11":19,"12":19,"13":2,"14":17,"15":13,"16":13,"17":10,"18":3,"19":1,"20":3,"21":1,"22":2,"23":1,"24":14,"25":14,"26":14,"27":11,"28":11,"29":11,"30":11,"31":3,"32":3,"33":3,"34":3,"35":14,"36":3,"37":14,"38":9,"39":1,"40":8,"41":8,"42":4,"43":14,"44":10,"45":7,"46":3,"47":3},"f":{"0":14,"1":19,"2":1,"3":1,"4":2,"5":14,"6":9,"7":4,"8":14,"9":10},"b":{"0":[14,10],"1":[13,1],"2":[2,17],"3":[10,3],"4":[11,3],"5":[1,8],"6":[7,3]}}
,"/Users/lay/docker/web/gitlab/enhance-weapp/src/setDataEffect.ts": {"path":"/Users/lay/docker/web/gitlab/enhance-weapp/src/setDataEffect.ts","statementMap":{"0":{"start":{"line":1,"column":0},"end":{"line":1,"column":35}},"1":{"start":{"line":2,"column":0},"end":{"line":2,"column":37}},"2":{"start":{"line":4,"column":45},"end":{"line":4,"column":54}},"3":{"start":{"line":6,"column":17},"end":{"line":6,"column":22}},"4":{"start":{"line":9,"column":2},"end":{"line":12,"column":null}},"5":{"start":{"line":10,"column":4},"end":{"line":10,"column":null}},"6":{"start":{"line":11,"column":4},"end":{"line":11,"column":null}},"7":{"start":{"line":8,"column":0},"end":{"line":8,"column":16}},"8":{"start":{"line":16,"column":2},"end":{"line":19,"column":null}},"9":{"start":{"line":17,"column":4},"end":{"line":17,"column":null}},"10":{"start":{"line":18,"column":4},"end":{"line":18,"column":null}},"11":{"start":{"line":23,"column":2},"end":{"line":30,"column":null}},"12":{"start":{"line":24,"column":16},"end":{"line":24,"column":45}},"13":{"start":{"line":25,"column":4},"end":{"line":25,"column":null}},"14":{"start":{"line":25,"column":14},"end":{"line":25,"column":null}},"15":{"start":{"line":27,"column":4},"end":{"line":29,"column":null}},"16":{"start":{"line":28,"column":6},"end":{"line":28,"column":null}},"17":{"start":{"line":31,"column":2},"end":{"line":31,"column":null}},"18":{"start":{"line":32,"column":2},"end":{"line":32,"column":null}},"19":{"start":{"line":37,"column":16},"end":{"line":37,"column":47}},"20":{"start":{"line":37,"column":33},"end":{"line":37,"column":47}},"21":{"start":{"line":38,"column":2},"end":{"line":38,"column":null}},"22":{"start":{"line":39,"column":2},"end":{"line":41,"column":null}},"23":{"start":{"line":40,"column":4},"end":{"line":40,"column":null}},"24":{"start":{"line":42,"column":2},"end":{"line":42,"column":null}},"25":{"start":{"line":35,"column":0},"end":{"line":35,"column":16}}},"fnMap":{"0":{"name":"setDataQueueJob","decl":{"start":{"line":8,"column":16},"end":{"line":8,"column":31}},"loc":{"start":{"line":8,"column":51},"end":{"line":13,"column":1}}},"1":{"name":"setDataQueueFlush","decl":{"start":{"line":15,"column":9},"end":{"line":15,"column":26}},"loc":{"start":{"line":15,"column":26},"end":{"line":20,"column":1}}},"2":{"name":"flushSetDataJobs","decl":{"start":{"line":22,"column":9},"end":{"line":22,"column":25}},"loc":{"start":{"line":22,"column":25},"end":{"line":33,"column":1}}},"3":{"name":"(anonymous_3)","decl":{"start":{"line":23,"column":26},"end":{"line":23,"column":29}},"loc":{"start":{"line":23,"column":29},"end":{"line":30,"column":3}}},"4":{"name":"(anonymous_4)","decl":{"start":{"line":27,"column":21},"end":{"line":27,"column":null}},"loc":{"start":{"line":27,"column":21},"end":{"line":29,"column":5}}},"5":{"name":"setDataNextTick","decl":{"start":{"line":35,"column":16},"end":{"line":35,"column":31}},"loc":{"start":{"line":35,"column":72},"end":{"line":43,"column":1}}},"6":{"name":"(anonymous_6)","decl":{"start":{"line":37,"column":28},"end":{"line":37,"column":29}},"loc":{"start":{"line":37,"column":29},"end":{"line":37,"column":34}}}},"branchMap":{"0":{"loc":{"start":{"line":9,"column":2},"end":{"line":12,"column":null}},"type":"if","locations":[{"start":{"line":9,"column":2},"end":{"line":12,"column":null}},{"start":{"line":9,"column":2},"end":{"line":12,"column":null}}]},"1":{"loc":{"start":{"line":16,"column":2},"end":{"line":19,"column":null}},"type":"if","locations":[{"start":{"line":16,"column":2},"end":{"line":19,"column":null}},{"start":{"line":16,"column":2},"end":{"line":19,"column":null}}]},"2":{"loc":{"start":{"line":25,"column":4},"end":{"line":25,"column":null}},"type":"if","locations":[{"start":{"line":25,"column":4},"end":{"line":25,"column":null}},{"start":{"line":25,"column":4},"end":{"line":25,"column":null}}]},"3":{"loc":{"start":{"line":39,"column":2},"end":{"line":41,"column":null}},"type":"if","locations":[{"start":{"line":39,"column":2},"end":{"line":41,"column":null}},{"start":{"line":39,"column":2},"end":{"line":41,"column":null}}]}},"s":{"0":3,"1":3,"2":3,"3":3,"4":11,"5":7,"6":7,"7":3,"8":7,"9":6,"10":6,"11":6,"12":7,"13":7,"14":1,"15":6,"16":3,"17":6,"18":6,"19":7,"20":7,"21":7,"22":7,"23":4,"24":7,"25":3},"f":{"0":11,"1":7,"2":6,"3":7,"4":3,"5":7,"6":7},"b":{"0":[7,4],"1":[6,1],"2":[1,6],"3":[4,3]}}
}
