TN:
SF:src/Eapp.ts
FN:4,(anonymous_0)
FNF:1
FNH:1
FNDA:5,(anonymous_0)
DA:2,1
DA:4,1
DA:5,5
DA:6,5
LF:4
LH:4
BRF:0
BRH:0
end_of_record
TN:
SF:src/Ecomponent.ts
FN:4,(anonymous_0)
FNF:1
FNH:1
FNDA:8,(anonymous_0)
DA:2,1
DA:4,1
DA:5,8
DA:6,8
LF:4
LH:4
BRF:0
BRH:0
end_of_record
TN:
SF:src/Epage.ts
FN:4,(anonymous_0)
FNF:1
FNH:1
FNDA:19,(anonymous_0)
DA:2,2
DA:4,2
DA:5,19
DA:6,19
LF:4
LH:4
BRF:0
BRH:0
end_of_record
TN:
SF:src/diffData.ts
FN:19,diffData
FN:29,(anonymous_1)
FN:42,(anonymous_2)
FN:44,(anonymous_3)
FN:55,(anonymous_4)
FN:128,(anonymous_7)
FN:145,(anonymous_8)
FNF:7
FNH:7
FNDA:18,diffData
FNDA:20,(anonymous_1)
FNDA:22,(anonymous_2)
FNDA:21,(anonymous_3)
FNDA:1,(anonymous_4)
FNDA:18,(anonymous_7)
FNDA:1,(anonymous_8)
DA:2,4
DA:19,4
DA:24,18
DA:27,18
DA:29,18
DA:30,20
DA:32,20
DA:37,18
DA:39,18
DA:41,18
DA:42,18
DA:44,22
DA:46,22
DA:48,22
DA:50,21
DA:54,18
DA:55,1
DA:57,1
DA:63,18
DA:64,51
DA:67,51
DA:70,51
DA:75,35
DA:77,35
DA:80,35
DA:81,1
DA:86,34
DA:88,14
DA:93,20
DA:96,7
DA:97,1
DA:101,6
DA:102,15
DA:109,13
DA:111,13
DA:113,13
DA:114,1
DA:123,12
DA:124,18
DA:126,18
DA:128,18
DA:134,18
DA:135,1
DA:140,17
DA:141,17
DA:144,11
DA:145,1
DA:146,1
DA:149,11
DA:151,10
DA:154,18
LF:51
LH:51
BRDA:30,0,0,20
BRDA:30,0,1,15
BRDA:32,1,0,17
BRDA:32,1,1,3
BRDA:46,2,0,22
BRDA:46,2,1,21
BRDA:48,3,0,21
BRDA:48,3,1,1
BRDA:54,4,0,1
BRDA:54,4,1,17
BRDA:70,5,0,16
BRDA:70,5,1,35
BRDA:80,6,0,1
BRDA:80,6,1,34
BRDA:86,7,0,14
BRDA:86,7,1,20
BRDA:86,8,0,34
BRDA:86,8,1,21
BRDA:93,9,0,7
BRDA:93,9,1,13
BRDA:96,10,0,1
BRDA:96,10,1,6
BRDA:113,11,0,1
BRDA:113,11,1,12
BRDA:134,12,0,1
BRDA:134,12,1,17
BRDA:144,13,0,1
BRDA:144,13,1,10
BRDA:149,14,0,10
BRDA:149,14,1,1
BRF:30
BRH:30
end_of_record
TN:
SF:src/events.ts
FN:4,initEvents
FN:7,events$on
FN:17,events$once
FN:28,events$emit
FN:44,events$off
FN:53,(anonymous_6)
FNF:6
FNH:6
FNDA:40,initEvents
FNDA:35,events$on
FNDA:55,events$once
FNDA:950,events$emit
FNDA:54,events$off
FNDA:53,(anonymous_6)
DA:2,4
DA:4,47
DA:5,40
DA:7,40
DA:11,35
DA:12,35
DA:13,34
DA:17,40
DA:21,55
DA:22,55
DA:23,54
DA:24,54
DA:28,40
DA:30,2840
DA:32,950
DA:33,46
DA:34,69
DA:35,69
DA:36,69
DA:37,51
DA:38,51
DA:44,40
DA:49,54
DA:52,53
DA:53,53
DA:54,53
DA:55,52
DA:59,40
LF:28
LH:28
BRDA:4,0,0,7
BRDA:4,0,1,33
BRDA:11,1,0,31
BRDA:11,1,1,4
BRDA:12,2,0,34
BRDA:12,2,1,1
BRDA:21,3,0,29
BRDA:21,3,1,26
BRDA:22,4,0,54
BRDA:22,4,1,1
BRDA:32,5,0,46
BRDA:32,5,1,904
BRDA:32,6,0,887
BRDA:32,6,1,63
BRDA:32,7,0,950
BRDA:32,7,1,950
BRDA:36,8,0,51
BRDA:36,8,1,18
BRDA:49,9,0,53
BRDA:49,9,1,1
BRDA:49,10,0,1
BRDA:49,10,1,53
BRDA:49,11,0,54
BRDA:49,11,1,54
BRDA:52,12,0,53
BRDA:52,12,1,52
BRDA:54,13,0,52
BRDA:54,13,1,1
BRF:28
BRH:28
end_of_record
TN:
SF:src/lifecycle.ts
FN:23,(anonymous_0)
FN:27,(anonymous_1)
FN:113,(anonymous_2)
FN:125,decoratorLifeCycle
FN:144,(anonymous_4)
FN:164,decoratorLC
FN:176,(anonymous_6)
FN:182,(anonymous_7)
FN:187,(anonymous_8)
FN:188,(anonymous_9)
FN:242,(anonymous_10)
FN:244,(anonymous_11)
FN:255,(anonymous_12)
FN:286,(anonymous_13)
FN:315,initHooks
FN:322,(anonymous_15)
FN:332,callHooks
FN:357,(anonymous_17)
FN:389,(anonymous_19)
FNF:19
FNH:19
FNDA:3,(anonymous_0)
FNDA:185,(anonymous_1)
FNDA:1,(anonymous_2)
FNDA:32,decoratorLifeCycle
FNDA:297,(anonymous_4)
FNDA:237,decoratorLC
FNDA:5,(anonymous_6)
FNDA:15,(anonymous_7)
FNDA:15,(anonymous_8)
FNDA:150,(anonymous_9)
FNDA:235,(anonymous_10)
FNDA:233,(anonymous_11)
FNDA:2,(anonymous_12)
FNDA:56,(anonymous_13)
FNDA:38,initHooks
FNDA:353,(anonymous_15)
FNDA:235,callHooks
FNDA:122,(anonymous_17)
FNDA:59,(anonymous_19)
DA:1,3
DA:8,3
DA:9,3
DA:10,3
DA:11,3
DA:12,3
DA:21,3
DA:23,3
DA:24,3
DA:27,3
DA:28,185
DA:29,185
DA:30,185
DA:31,185
DA:32,185
DA:33,185
DA:52,185
DA:53,35
DA:55,5
DA:56,30
DA:58,5
DA:61,25
DA:63,150
DA:64,102
DA:74,90
DA:78,10
DA:88,10
DA:89,80
DA:91,10
DA:94,70
DA:97,48
DA:99,8
DA:100,40
DA:102,8
DA:103,32
DA:105,8
DA:108,24
DA:113,3
DA:114,1
DA:118,3
DA:125,3
DA:130,32
DA:132,8
DA:134,8
DA:136,8
DA:137,8
DA:141,32
DA:144,32
DA:146,297
DA:150,297
DA:158,297
DA:164,297
DA:166,237
DA:168,32
DA:170,32
DA:172,32
DA:175,32
DA:176,5
DA:177,5
DA:181,27
DA:182,19
DA:183,15
DA:187,19
DA:188,15
DA:189,150
DA:203,32
DA:205,27
DA:207,14
DA:209,14
DA:210,14
DA:211,14
DA:217,237
DA:221,7
DA:238,7
DA:242,237
DA:244,235
DA:245,233
DA:246,233
DA:248,233
DA:249,233
DA:251,233
DA:252,233
DA:255,235
DA:256,2
DA:257,2
DA:258,2
DA:259,1
DA:261,2
DA:262,2
DA:264,2
DA:265,2
DA:268,235
DA:270,235
DA:281,1
DA:286,237
DA:287,56
DA:293,237
DA:294,185
DA:304,52
DA:309,32
DA:315,3
DA:320,38
DA:322,38
DA:324,353
DA:325,353
DA:326,353
DA:328,38
DA:342,235
DA:343,235
DA:344,235
DA:345,235
DA:348,235
DA:350,235
DA:352,235
DA:357,235
DA:358,122
DA:360,110
DA:363,12
DA:367,235
DA:368,64
DA:389,60
DA:390,59
DA:391,59
DA:398,59
DA:407,234
LF:125
LH:125
BRDA:52,0,0,35
BRDA:52,0,1,150
BRDA:53,1,0,5
BRDA:53,1,1,30
BRDA:56,2,0,5
BRDA:56,2,1,25
BRDA:63,3,0,102
BRDA:63,3,1,48
BRDA:64,4,0,12
BRDA:64,4,1,90
BRDA:74,5,0,10
BRDA:74,5,1,80
BRDA:80,6,0,5
BRDA:80,6,1,5
BRDA:78,7,0,10
BRDA:78,7,1,5
BRDA:87,8,0,5
BRDA:89,9,0,10
BRDA:89,9,1,70
BRDA:97,10,0,8
BRDA:97,10,1,40
BRDA:100,11,0,8
BRDA:100,11,1,32
BRDA:103,12,0,8
BRDA:103,12,1,24
BRDA:130,13,0,8
BRDA:130,13,1,24
BRDA:132,14,0,8
BRDA:132,14,1,7
BRDA:134,15,0,8
BRDA:134,15,1,8
BRDA:136,16,0,8
BRDA:136,16,1,8
BRDA:137,17,0,8
BRDA:137,17,1,3
BRDA:151,18,0,72
BRDA:151,18,1,225
BRDA:152,19,0,24
BRDA:152,19,1,48
BRDA:160,20,0,48
BRDA:160,20,1,249
BRDA:158,21,0,297
BRDA:158,21,1,72
BRDA:160,22,0,48
BRDA:160,22,1,48
BRDA:166,23,0,32
BRDA:166,23,1,205
BRDA:166,24,0,237
BRDA:166,24,1,232
BRDA:166,24,2,213
BRDA:175,25,0,5
BRDA:175,25,1,27
BRDA:181,26,0,19
BRDA:181,26,1,8
BRDA:203,27,0,27
BRDA:203,27,1,5
BRDA:205,28,0,14
BRDA:205,28,1,13
BRDA:210,29,0,3
BRDA:210,29,1,11
BRDA:217,30,0,7
BRDA:217,30,1,230
BRDA:258,31,0,1
BRDA:258,31,1,1
BRDA:288,32,0,20
BRDA:288,32,1,36
BRDA:293,33,0,185
BRDA:293,33,1,52
BRDA:358,34,0,110
BRDA:358,34,1,12
BRDA:367,35,0,61
BRDA:367,35,1,174
BRF:72
BRH:72
end_of_record
TN:
SF:src/mixins.ts
FN:5,globalMixins
FN:9,handlerMixins
FN:14,(anonymous_2)
FN:18,(anonymous_3)
FN:33,(anonymous_4)
FN:36,(anonymous_5)
FN:48,(anonymous_6)
FNF:7
FNH:7
FNDA:11,globalMixins
FNDA:45,handlerMixins
FNDA:18,(anonymous_2)
FNDA:12,(anonymous_3)
FNDA:18,(anonymous_4)
FNDA:7,(anonymous_5)
FNDA:23,(anonymous_6)
DA:2,3
DA:4,3
DA:5,3
DA:6,11
DA:9,3
DA:13,45
DA:14,12
DA:15,18
DA:16,13
DA:17,12
DA:18,12
DA:20,12
DA:21,10
DA:27,5
DA:28,4
DA:32,12
DA:33,18
DA:34,18
DA:35,5
DA:36,7
DA:37,7
DA:38,6
DA:39,6
DA:44,13
DA:48,23
DA:49,23
DA:50,5
DA:53,45
LF:28
LH:28
BRDA:13,0,0,12
BRDA:13,0,1,33
BRDA:13,1,0,45
BRDA:13,1,1,13
BRDA:15,2,0,13
BRDA:15,2,1,5
BRDA:16,3,0,12
BRDA:16,3,1,1
BRDA:17,4,0,7
BRDA:17,4,1,5
BRDA:20,5,0,10
BRDA:20,5,1,2
BRDA:27,6,0,4
BRDA:27,6,1,1
BRDA:32,7,0,12
BRDA:32,7,1,11
BRDA:34,8,0,5
BRDA:34,8,1,13
BRDA:34,9,0,18
BRDA:34,9,1,5
BRDA:37,10,0,6
BRDA:37,10,1,1
BRDA:38,11,0,1
BRDA:38,11,1,5
BRDA:49,12,0,18
BRDA:49,12,1,5
BRDA:49,13,0,23
BRDA:49,13,1,19
BRDA:49,13,2,9
BRF:29
BRH:29
end_of_record
TN:
SF:src/reactive.ts
FN:7,handlerSetup
FN:22,(anonymous_1)
FN:40,initComponentSetData
FN:44,(anonymous_3)
FN:46,(anonymous_4)
FN:74,createWatching
FN:75,watching
FN:80,(anonymous_7)
FN:86,createStopWatching
FN:87,stopWatching
FNF:10
FNH:9
FNDA:14,handlerSetup
FNDA:19,(anonymous_1)
FNDA:3,initComponentSetData
FNDA:3,(anonymous_3)
FNDA:6,(anonymous_4)
FNDA:14,createWatching
FNDA:19,watching
FNDA:0,(anonymous_7)
FNDA:14,createStopWatching
FNDA:10,stopWatching
DA:1,3
DA:2,3
DA:3,3
DA:4,3
DA:7,3
DA:13,14
DA:14,14
DA:16,14
DA:17,14
DA:18,14
DA:20,14
DA:21,14
DA:22,13
DA:23,19
DA:24,2
DA:27,17
DA:28,17
DA:33,13
DA:35,13
DA:36,10
DA:40,3
DA:41,3
DA:44,3
DA:45,3
DA:46,6
DA:48,3
DA:52,14
DA:53,14
DA:54,14
DA:57,11
DA:58,11
DA:60,11
DA:61,11
DA:65,3
DA:66,3
DA:68,3
DA:69,3
DA:71,14
DA:75,14
DA:77,19
DA:78,14
DA:80,14
DA:81,0
DA:87,14
DA:89,10
DA:90,3
DA:92,3
LF:47
LH:46
BRDA:13,0,0,14
BRDA:13,0,1,10
BRDA:21,1,0,13
BRDA:21,1,1,1
BRDA:23,2,0,2
BRDA:23,2,1,17
BRDA:29,3,0,4
BRDA:29,3,1,13
BRDA:35,4,0,10
BRDA:35,4,1,3
BRDA:54,5,0,11
BRDA:54,5,1,3
BRDA:77,6,0,5
BRDA:77,6,1,14
BRDA:89,7,0,7
BRDA:89,7,1,3
BRF:16
BRH:16
end_of_record
TN:
SF:src/setDataEffect.ts
FN:9,setDataQueueJob
FN:16,setDataQueueFlush
FN:23,flushSetDataJobs
FN:24,(anonymous_3)
FN:29,(anonymous_4)
FN:37,setDataNextTick
FN:39,(anonymous_6)
FNF:7
FNH:7
FNDA:8,setDataQueueJob
FNDA:7,setDataQueueFlush
FNDA:6,flushSetDataJobs
FNDA:7,(anonymous_3)
FNDA:3,(anonymous_4)
FNDA:7,setDataNextTick
FNDA:7,(anonymous_6)
DA:1,3
DA:2,3
DA:5,3
DA:7,3
DA:9,3
DA:10,8
DA:11,7
DA:12,7
DA:17,7
DA:18,6
DA:19,6
DA:24,6
DA:25,7
DA:26,7
DA:27,6
DA:29,6
DA:30,3
DA:33,6
DA:34,6
DA:37,3
DA:39,7
DA:40,7
DA:41,7
DA:42,4
DA:44,7
LF:25
LH:25
BRDA:10,0,0,7
BRDA:10,0,1,1
BRDA:17,1,0,6
BRDA:17,1,1,1
BRDA:26,2,0,1
BRDA:26,2,1,6
BRDA:41,3,0,4
BRDA:41,3,1,3
BRF:8
BRH:8
end_of_record
