TN:
SF:src/events.ts
FN:3,initEvents
FN:6,events$on
FN:13,events$once
FN:21,events$emit
FN:34,events$off
FN:43,(anonymous_6)
FNF:6
FNH:1
FNDA:1,initEvents
FNDA:0,events$on
FNDA:0,events$once
FNDA:0,events$emit
FNDA:0,events$off
FNDA:0,(anonymous_6)
DA:1,1
DA:3,2
DA:4,1
DA:6,1
DA:7,0
DA:8,0
DA:9,0
DA:13,1
DA:14,0
DA:15,0
DA:16,0
DA:17,0
DA:21,1
DA:22,0
DA:23,0
DA:24,0
DA:25,0
DA:26,0
DA:27,0
DA:28,0
DA:34,1
DA:39,0
DA:42,0
DA:43,0
DA:44,0
DA:45,0
DA:49,1
LF:27
LH:8
BRDA:3,0,0,1
BRDA:3,0,1,0
BRDA:7,1,0,0
BRDA:7,1,1,0
BRDA:8,2,0,0
BRDA:8,2,1,0
BRDA:14,3,0,0
BRDA:14,3,1,0
BRDA:15,4,0,0
BRDA:15,4,1,0
BRDA:22,5,0,0
BRDA:22,5,1,0
BRDA:22,6,0,0
BRDA:22,6,1,0
BRDA:22,7,0,0
BRDA:22,7,1,0
BRDA:26,8,0,0
BRDA:26,8,1,0
BRDA:39,9,0,0
BRDA:39,9,1,0
BRDA:39,10,0,0
BRDA:39,10,1,0
BRDA:39,11,0,0
BRDA:39,11,1,0
BRDA:42,12,0,0
BRDA:42,12,1,0
BRDA:44,13,0,0
BRDA:44,13,1,0
BRF:28
BRH:1
end_of_record
TN:
SF:src/lifecycle.ts
FN:60,decoratorLifeCycle
FN:79,(anonymous_14)
FN:99,decoratorLC
FN:126,(anonymous_18)
FN:144,(anonymous_19)
FN:146,(anonymous_20)
FN:157,(anonymous_21)
FN:185,(anonymous_22)
FN:259,setCurrentCtx
FN:264,getCurrentCtx
FN:269,initHooks
FN:276,(anonymous_26)
FN:288,callHooks
FN:306,(anonymous_28)
FN:319,(anonymous_30)
FN:337,(anonymous_31)
FN:356,createPushHooks
FN:358,pushHooks
FN:373,(anonymous_34)
FN:387,(anonymous_35)
FN:405,(anonymous_36)
FNF:21
FNH:6
FNDA:0,decoratorLifeCycle
FNDA:0,(anonymous_14)
FNDA:0,decoratorLC
FNDA:0,(anonymous_18)
FNDA:0,(anonymous_19)
FNDA:0,(anonymous_20)
FNDA:0,(anonymous_21)
FNDA:0,(anonymous_22)
FNDA:0,setCurrentCtx
FNDA:0,getCurrentCtx
FNDA:6,initHooks
FNDA:60,(anonymous_26)
FNDA:0,callHooks
FNDA:0,(anonymous_28)
FNDA:0,(anonymous_30)
FNDA:0,(anonymous_31)
FNDA:27,createPushHooks
FNDA:0,pushHooks
FNDA:7,(anonymous_34)
FNDA:11,(anonymous_35)
FNDA:9,(anonymous_36)
DA:1,1
DA:8,1
DA:9,1
DA:10,1
DA:11,1
DA:15,1
DA:18,1
DA:60,1
DA:62,0
DA:65,0
DA:68,0
DA:70,0
DA:72,0
DA:74,0
DA:75,0
DA:79,0
DA:81,0
DA:85,0
DA:93,0
DA:99,0
DA:101,0
DA:103,0
DA:105,0
DA:107,0
DA:109,0
DA:110,0
DA:112,0
DA:114,0
DA:116,0
DA:117,0
DA:122,0
DA:124,0
DA:125,0
DA:126,0
DA:127,0
DA:130,0
DA:131,0
DA:132,0
DA:133,0
DA:136,0
DA:137,0
DA:141,0
DA:144,0
DA:146,0
DA:147,0
DA:148,0
DA:150,0
DA:151,0
DA:153,0
DA:154,0
DA:157,0
DA:158,0
DA:159,0
DA:160,0
DA:161,0
DA:163,0
DA:164,0
DA:166,0
DA:167,0
DA:169,0
DA:171,0
DA:173,0
DA:174,0
DA:177,0
DA:181,0
DA:185,0
DA:186,0
DA:208,0
DA:209,0
DA:211,0
DA:212,0
DA:214,0
DA:216,0
DA:217,0
DA:219,0
DA:220,0
DA:224,0
DA:233,0
DA:234,0
DA:236,0
DA:238,0
DA:239,0
DA:241,0
DA:242,0
DA:244,0
DA:245,0
DA:247,0
DA:250,0
DA:254,0
DA:258,1
DA:260,0
DA:264,1
DA:265,0
DA:269,1
DA:274,6
DA:276,6
DA:278,60
DA:279,60
DA:280,60
DA:281,60
DA:282,60
DA:284,6
DA:293,0
DA:295,0
DA:296,0
DA:297,0
DA:298,0
DA:299,0
DA:300,0
DA:301,0
DA:306,0
DA:307,0
DA:309,0
DA:312,0
DA:315,0
DA:316,0
DA:317,0
DA:319,0
DA:320,0
DA:323,0
DA:324,0
DA:325,0
DA:326,0
DA:330,0
DA:331,0
DA:332,0
DA:333,0
DA:337,0
DA:338,0
DA:339,0
DA:340,0
DA:342,0
DA:344,0
DA:346,0
DA:347,0
DA:349,0
DA:352,0
DA:358,27
DA:360,0
DA:361,0
DA:362,0
DA:364,0
DA:365,0
DA:373,1
DA:374,7
DA:375,7
DA:378,1
DA:379,1
DA:380,1
DA:381,1
DA:382,1
DA:383,1
DA:384,1
DA:387,1
DA:388,11
DA:389,11
DA:392,1
DA:393,1
DA:394,1
DA:395,1
DA:396,1
DA:397,1
DA:398,1
DA:399,1
DA:400,1
DA:401,1
DA:402,1
DA:405,1
DA:407,9
DA:408,9
DA:409,9
DA:412,1
DA:413,1
DA:414,1
DA:415,1
DA:416,1
DA:417,1
DA:418,1
DA:419,1
DA:420,1
LF:180
LH:57
BRDA:62,0,0,0
BRDA:62,0,1,0
BRDA:68,1,0,0
BRDA:68,1,1,0
BRDA:70,2,0,0
BRDA:70,2,1,0
BRDA:72,3,0,0
BRDA:72,3,1,0
BRDA:74,4,0,0
BRDA:74,4,1,0
BRDA:75,5,0,0
BRDA:75,5,1,0
BRDA:86,6,0,0
BRDA:86,6,1,0
BRDA:87,7,0,0
BRDA:87,7,1,0
BRDA:95,8,0,0
BRDA:95,8,1,0
BRDA:93,9,0,0
BRDA:93,9,1,0
BRDA:95,10,0,0
BRDA:95,10,1,0
BRDA:101,11,0,0
BRDA:101,11,1,0
BRDA:101,12,0,0
BRDA:101,12,1,0
BRDA:101,12,2,0
BRDA:109,13,0,0
BRDA:109,13,1,0
BRDA:110,14,0,0
BRDA:110,14,1,0
BRDA:122,15,0,0
BRDA:122,15,1,0
BRDA:124,16,0,0
BRDA:124,16,1,0
BRDA:127,17,0,0
BRDA:127,17,1,0
BRDA:130,18,0,0
BRDA:130,18,1,0
BRDA:132,19,0,0
BRDA:132,19,1,0
BRDA:160,20,0,0
BRDA:160,20,1,0
BRDA:173,21,0,0
BRDA:173,21,1,0
BRDA:173,22,0,0
BRDA:173,22,1,0
BRDA:173,23,0,0
BRDA:173,23,1,0
BRDA:187,24,0,0
BRDA:187,24,1,0
BRDA:208,25,0,0
BRDA:208,25,1,0
BRDA:209,26,0,0
BRDA:209,26,1,0
BRDA:212,27,0,0
BRDA:212,27,1,0
BRDA:216,28,0,0
BRDA:216,28,1,0
BRDA:217,29,0,0
BRDA:217,29,1,0
BRDA:220,30,0,0
BRDA:220,30,1,0
BRDA:226,31,0,0
BRDA:226,31,1,0
BRDA:224,32,0,0
BRDA:224,32,1,0
BRDA:230,33,0,0
BRDA:230,33,1,0
BRDA:234,34,0,0
BRDA:234,34,1,0
BRDA:238,35,0,0
BRDA:238,35,1,0
BRDA:239,36,0,0
BRDA:239,36,1,0
BRDA:242,37,0,0
BRDA:242,37,1,0
BRDA:245,38,0,0
BRDA:245,38,1,0
BRDA:293,39,0,0
BRDA:293,39,1,0
BRDA:307,40,0,0
BRDA:307,40,1,0
BRDA:315,41,0,0
BRDA:315,41,1,0
BRDA:317,42,0,0
BRDA:317,42,1,0
BRDA:317,43,0,0
BRDA:317,43,1,0
BRDA:317,44,0,0
BRDA:317,44,1,0
BRDA:340,45,0,0
BRDA:340,45,1,0
BRDA:346,46,0,0
BRDA:346,46,1,0
BRDA:346,47,0,0
BRDA:346,47,1,0
BRDA:346,48,0,0
BRDA:346,48,1,0
BRDA:360,49,0,0
BRDA:360,49,1,0
BRDA:362,50,0,0
BRDA:362,50,1,0
BRDA:362,51,0,0
BRDA:362,51,1,0
BRDA:364,52,0,0
BRDA:364,52,1,0
BRF:107
BRH:0
end_of_record
TN:
SF:src/mixins.ts
FN:4,globalMixins
FN:8,handlerMixins
FN:13,(anonymous_2)
FN:17,(anonymous_3)
FN:32,(anonymous_4)
FN:35,(anonymous_5)
FN:47,(anonymous_6)
FNF:7
FNH:7
FNDA:11,globalMixins
FNDA:13,handlerMixins
FNDA:18,(anonymous_2)
FNDA:12,(anonymous_3)
FNDA:18,(anonymous_4)
FNDA:7,(anonymous_5)
FNDA:23,(anonymous_6)
DA:1,1
DA:3,1
DA:4,1
DA:5,11
DA:8,1
DA:12,13
DA:13,12
DA:14,18
DA:15,13
DA:16,12
DA:17,12
DA:19,12
DA:20,10
DA:26,5
DA:27,4
DA:31,12
DA:32,18
DA:33,18
DA:34,5
DA:35,7
DA:36,7
DA:37,6
DA:38,6
DA:43,13
DA:47,23
DA:48,23
DA:49,5
DA:52,13
LF:28
LH:28
BRDA:12,0,0,12
BRDA:12,0,1,1
BRDA:12,1,0,13
BRDA:12,1,1,13
BRDA:14,2,0,13
BRDA:14,2,1,5
BRDA:15,3,0,12
BRDA:15,3,1,1
BRDA:16,4,0,7
BRDA:16,4,1,5
BRDA:19,5,0,10
BRDA:19,5,1,2
BRDA:26,6,0,4
BRDA:26,6,1,1
BRDA:31,7,0,12
BRDA:31,7,1,11
BRDA:33,8,0,5
BRDA:33,8,1,13
BRDA:33,9,0,18
BRDA:33,9,1,5
BRDA:36,10,0,6
BRDA:36,10,1,1
BRDA:37,11,0,1
BRDA:37,11,1,5
BRDA:48,12,0,18
BRDA:48,12,1,5
BRDA:48,13,0,23
BRDA:48,13,1,19
BRDA:48,13,2,9
BRF:29
BRH:29
end_of_record
TN:
SF:src/reactive.ts
FN:6,handlerSetup
FN:18,(anonymous_1)
FN:35,initComponentSetData
FN:40,(anonymous_3)
FN:62,watching
FN:63,(anonymous_5)
FN:66,(anonymous_6)
FN:69,(anonymous_7)
FN:70,(anonymous_8)
FN:76,stopWatching
FN:77,(anonymous_10)
FNF:11
FNH:0
FNDA:0,handlerSetup
FNDA:0,(anonymous_1)
FNDA:0,initComponentSetData
FNDA:0,(anonymous_3)
FNDA:0,watching
FNDA:0,(anonymous_5)
FNDA:0,(anonymous_6)
FNDA:0,(anonymous_7)
FNDA:0,(anonymous_8)
FNDA:0,stopWatching
FNDA:0,(anonymous_10)
DA:1,1
DA:2,1
DA:3,1
DA:4,1
DA:6,1
DA:11,0
DA:12,0
DA:14,0
DA:15,0
DA:16,0
DA:17,0
DA:18,0
DA:19,0
DA:20,0
DA:21,0
DA:23,0
DA:24,0
DA:29,0
DA:30,0
DA:31,0
DA:35,0
DA:36,0
DA:37,0
DA:40,0
DA:41,0
DA:42,0
DA:45,0
DA:49,0
DA:50,0
DA:51,0
DA:52,0
DA:53,0
DA:55,0
DA:56,0
DA:57,0
DA:58,0
DA:63,0
DA:64,0
DA:65,0
DA:66,0
DA:68,0
DA:69,0
DA:70,0
DA:77,0
DA:78,0
DA:79,0
DA:80,0
LF:47
LH:5
BRDA:11,0,0,0
BRDA:11,0,1,0
BRDA:16,1,0,0
BRDA:16,1,1,0
BRDA:17,2,0,0
BRDA:17,2,1,0
BRDA:17,3,0,0
BRDA:17,3,1,0
BRDA:20,4,0,0
BRDA:20,4,1,0
BRDA:21,5,0,0
BRDA:21,5,1,0
BRDA:24,6,0,0
BRDA:24,6,1,0
BRDA:29,7,0,0
BRDA:29,7,1,0
BRDA:41,8,0,0
BRDA:41,8,1,0
BRDA:41,9,0,0
BRDA:41,9,1,0
BRDA:41,10,0,0
BRDA:41,10,1,0
BRDA:41,11,0,0
BRDA:41,11,1,0
BRDA:41,12,0,0
BRDA:41,12,1,0
BRDA:49,13,0,0
BRDA:49,13,1,0
BRDA:64,14,0,0
BRDA:64,14,1,0
BRDA:78,15,0,0
BRDA:78,15,1,0
BRF:32
BRH:0
end_of_record
TN:
SF:src/setDataEffect.ts
FN:6,setData
FN:10,queueSetDataJob
FN:17,queueSetDataFlush
FN:20,(anonymous_3)
FN:24,flushSetDataJobs
FN:36,(anonymous_5)
FN:41,setDataNextTick
FN:43,(anonymous_7)
FNF:8
FNH:0
FNDA:0,setData
FNDA:0,queueSetDataJob
FNDA:0,queueSetDataFlush
FNDA:0,(anonymous_3)
FNDA:0,flushSetDataJobs
FNDA:0,(anonymous_5)
FNDA:0,setDataNextTick
FNDA:0,(anonymous_7)
DA:1,1
DA:4,1
DA:5,1
DA:6,1
DA:7,0
DA:10,1
DA:11,0
DA:12,0
DA:13,0
DA:18,0
DA:19,0
DA:20,0
DA:25,0
DA:26,0
DA:27,0
DA:28,0
DA:29,0
DA:30,0
DA:31,0
DA:34,0
DA:35,0
DA:36,0
DA:37,0
DA:41,1
DA:43,0
DA:44,0
DA:45,0
DA:46,0
DA:48,0
LF:29
LH:6
BRDA:11,0,0,0
BRDA:11,0,1,0
BRDA:18,1,0,0
BRDA:18,1,1,0
BRDA:29,2,0,0
BRDA:29,2,1,0
BRDA:29,3,0,0
BRDA:29,3,1,0
BRDA:30,4,0,0
BRDA:30,4,1,0
BRDA:34,5,0,0
BRDA:34,5,1,0
BRDA:45,6,0,0
BRDA:45,6,1,0
BRF:14
BRH:0
end_of_record
